14:15:36,239 (main) INFO  [uniandes.isis2304.parranderos.interfazApp.InterfazAlohandesApp] - Se encontró un archivo de configuración válido: Interfaz
14:15:36,240 (main) INFO  [uniandes.isis2304.parranderos.interfazApp.InterfazAlohandesApp] - Se aplica configuración indicada en el archivo de configuración
14:15:36,260 (main) INFO  [uniandes.isis2304.parranderos.interfazApp.InterfazAlohandesApp] - Se encontró un archivo de configuración válido: Tablas BD
14:16:19,645 (AWT-EventQueue-0) INFO  [uniandes.isis2304.parranderos.interfazApp.InterfazAlohandesApp] - Se encontró un archivo de configuración válido: Interfaz
14:16:19,645 (AWT-EventQueue-0) INFO  [uniandes.isis2304.parranderos.interfazApp.InterfazAlohandesApp] - Se aplica configuración indicada en el archivo de configuración
14:16:38,587 (AWT-EventQueue-0) INFO  [uniandes.isis2304.parranderos.negocio.Alohandes] - Adicionando alojamiento: asd
14:16:40,158 (AWT-EventQueue-0) INFO  [uniandes.isis2304.parranderos.negocio.Alohandes] - Adicionando alojamiento: Alojamiento [id=281, ubicacion=asd, duracionMin=1, costo=324, estatus=Y]
14:16:40,158 (AWT-EventQueue-0) INFO  [uniandes.isis2304.parranderos.negocio.Alohandes] - Adicionando HabitacionHuesped: 281
14:16:40,193 (AWT-EventQueue-0) ERROR [uniandes.isis2304.parranderos.persistencia.PersistenciaAlohandes] - Exception : Error executing SQL query "INSERT INTO A_HABITACIONHUESPED(idAlojamiento, comidas, tipoBanio, tipoHabitacion, dtoMesExtra, identificacionOperadorUsuario) values (?, ?, ?, ?, ?, ?)".
ORA-02291: integrity constraint (ISIS2304C11202310.FK_HABITACIONHUESPED_OPERADORUSUARIO) violated - parent key not found

14:16:40,218 (AWT-EventQueue-0) INFO  [uniandes.isis2304.parranderos.negocio.Alohandes] - Adicionando HabitacionHuesped: null
14:16:40,218 (AWT-EventQueue-0) INFO  [uniandes.isis2304.parranderos.negocio.Alohandes] - Eliminando alojamiento por id: 281
14:16:40,269 (AWT-EventQueue-0) INFO  [uniandes.isis2304.parranderos.negocio.Alohandes] - Eliminando alojamiento: 1
14:17:11,578 (AWT-EventQueue-0) INFO  [uniandes.isis2304.parranderos.negocio.Alohandes] - Adicionando Tipo de operador usuario: a
14:17:11,646 (AWT-EventQueue-0) INFO  [uniandes.isis2304.parranderos.negocio.Alohandes] - Adicionando Tipo de operador usuario: OperadorUsuario [identificacion=1001, nombre=a, tipoVinculo=profesor, correoElectronico=jd, telefono=123]
14:17:27,665 (AWT-EventQueue-0) INFO  [uniandes.isis2304.parranderos.negocio.Alohandes] - Adicionando alojamiento: ads
14:17:27,823 (AWT-EventQueue-0) INFO  [uniandes.isis2304.parranderos.negocio.Alohandes] - Adicionando alojamiento: Alojamiento [id=283, ubicacion=ads, duracionMin=1, costo=12, estatus=Y]
14:17:27,823 (AWT-EventQueue-0) INFO  [uniandes.isis2304.parranderos.negocio.Alohandes] - Adicionando HabitacionHuesped: 283
14:17:27,863 (AWT-EventQueue-0) INFO  [uniandes.isis2304.parranderos.negocio.Alohandes] - Adicionando HabitacionHuesped: Alojamiento [idAlojamiento=283, comidas=2, tipoBanio=privado, tipoHabitacion=individual, dtoMesExtra=10, identificacionOperadorUsuario=1001]
14:18:58,767 (AWT-EventQueue-0) INFO  [uniandes.isis2304.parranderos.interfazApp.InterfazAlohandesApp] - Se encontró un archivo de configuración válido: Interfaz
14:18:58,767 (AWT-EventQueue-0) INFO  [uniandes.isis2304.parranderos.interfazApp.InterfazAlohandesApp] - Se aplica configuración indicada en el archivo de configuración
14:28:24,447 (main) INFO  [uniandes.isis2304.parranderos.interfazApp.InterfazAlohandesApp] - Se encontró un archivo de configuración válido: Interfaz
14:28:24,447 (main) INFO  [uniandes.isis2304.parranderos.interfazApp.InterfazAlohandesApp] - Se aplica configuración indicada en el archivo de configuración
14:28:24,466 (main) INFO  [uniandes.isis2304.parranderos.interfazApp.InterfazAlohandesApp] - Se encontró un archivo de configuración válido: Tablas BD
14:28:46,326 (AWT-EventQueue-0) INFO  [uniandes.isis2304.parranderos.negocio.Alohandes] - Adicionando Cliente: jose
14:28:46,613 (AWT-EventQueue-0) INFO  [uniandes.isis2304.parranderos.negocio.Alohandes] - Adicionando Cliente: Cliente [identificacion=1, nombre=jose, tipoVinculo=profesor, correoElectronico=jd, telefono=31]
14:28:49,897 (AWT-EventQueue-0) INFO  [uniandes.isis2304.parranderos.negocio.Alohandes] - Buscando cliente por identificador: 1
14:28:49,977 (AWT-EventQueue-0) INFO  [uniandes.isis2304.parranderos.negocio.Alohandes] - Cliente [identificacion=1, nombre=jose, tipoVinculo=profesor, correoElectronico=jd, telefono=31]
14:28:49,977 (AWT-EventQueue-0) INFO  [uniandes.isis2304.parranderos.interfazApp.InterfazAlohandesApp] - Se encontró un archivo de configuración válido: Interfaz
14:28:49,977 (AWT-EventQueue-0) INFO  [uniandes.isis2304.parranderos.interfazApp.InterfazAlohandesApp] - Se aplica configuración indicada en el archivo de configuración
14:30:03,595 (AWT-EventQueue-0) INFO  [uniandes.isis2304.parranderos.negocio.Alohandes] - Buscando cliente por identificador: 1
14:30:03,669 (AWT-EventQueue-0) INFO  [uniandes.isis2304.parranderos.negocio.Alohandes] - Cliente [identificacion=1, nombre=jose, tipoVinculo=profesor, correoElectronico=jd, telefono=31]
14:30:03,670 (AWT-EventQueue-0) INFO  [uniandes.isis2304.parranderos.negocio.Alohandes] - Buscando alojamiento por identificador: 283
14:30:03,720 (AWT-EventQueue-0) INFO  [uniandes.isis2304.parranderos.negocio.Alohandes] - Alojamiento [id=283, ubicacion=ads, duracionMin=1, costo=12, estatus=Y]
14:30:03,721 (AWT-EventQueue-0) INFO  [uniandes.isis2304.parranderos.negocio.Alohandes] - Dar HabitacionViviendaUniversitaria por id: 283
14:30:03,767 (AWT-EventQueue-0) INFO  [uniandes.isis2304.parranderos.negocio.Alohandes] - Dar HabitacionViviendaUniversitaria: null
14:30:03,767 (AWT-EventQueue-0) INFO  [uniandes.isis2304.parranderos.negocio.Alohandes] - Adicionando reserva del cliente 1 al alojamiento 283
14:30:03,872 (AWT-EventQueue-0) INFO  [uniandes.isis2304.parranderos.negocio.Alohandes] - Adicionando reserva del cliente 1 al alojamiento 283
14:30:03,872 (AWT-EventQueue-0) INFO  [uniandes.isis2304.parranderos.negocio.Alohandes] - Cambiando ultimaFechaReserva de cliente: 1
14:53:16,726 (main) INFO  [uniandes.isis2304.parranderos.interfazApp.InterfazAlohandesApp] - Se encontró un archivo de configuración válido: Interfaz
14:53:16,726 (main) INFO  [uniandes.isis2304.parranderos.interfazApp.InterfazAlohandesApp] - Se aplica configuración indicada en el archivo de configuración
14:53:16,747 (main) INFO  [uniandes.isis2304.parranderos.interfazApp.InterfazAlohandesApp] - Se encontró un archivo de configuración válido: Tablas BD
14:53:23,844 (AWT-EventQueue-0) INFO  [uniandes.isis2304.parranderos.negocio.Alohandes] - Buscando cliente por identificador: 1
14:53:23,946 (AWT-EventQueue-0) INFO  [uniandes.isis2304.parranderos.negocio.Alohandes] - Cliente [identificacion=1, nombre=jose, tipoVinculo=profesor, correoElectronico=jd, telefono=31]
14:53:23,947 (AWT-EventQueue-0) INFO  [uniandes.isis2304.parranderos.interfazApp.InterfazAlohandesApp] - Se encontró un archivo de configuración válido: Interfaz
14:53:23,947 (AWT-EventQueue-0) INFO  [uniandes.isis2304.parranderos.interfazApp.InterfazAlohandesApp] - Se aplica configuración indicada en el archivo de configuración
14:53:47,980 (AWT-EventQueue-0) INFO  [uniandes.isis2304.parranderos.negocio.Alohandes] - Buscando Reserva por id: 285
14:53:48,035 (AWT-EventQueue-0) INFO  [uniandes.isis2304.parranderos.negocio.Alohandes] - Reserva [id=285, fechaIni=2023-06-05 00:00:00.0, fechaFin=2023-06-07 00:00:00.0, identificacionCliente=1, idAlojamiento=283]
14:53:48,035 (AWT-EventQueue-0) INFO  [uniandes.isis2304.parranderos.negocio.Alohandes] - Eliminando reserva por id: 285
14:53:48,313 (AWT-EventQueue-0) INFO  [uniandes.isis2304.parranderos.negocio.Alohandes] - Eliminando reserva por id: 1 tuplas eliminadas
14:54:49,293 (main) INFO  [uniandes.isis2304.parranderos.interfazApp.InterfazAlohandesApp] - Se encontró un archivo de configuración válido: Interfaz
14:54:49,294 (main) INFO  [uniandes.isis2304.parranderos.interfazApp.InterfazAlohandesApp] - Se aplica configuración indicada en el archivo de configuración
14:54:49,319 (main) INFO  [uniandes.isis2304.parranderos.interfazApp.InterfazAlohandesApp] - Se encontró un archivo de configuración válido: Tablas BD
14:55:10,989 (main) INFO  [uniandes.isis2304.parranderos.interfazApp.InterfazAlohandesApp] - Se encontró un archivo de configuración válido: Interfaz
14:55:10,989 (main) INFO  [uniandes.isis2304.parranderos.interfazApp.InterfazAlohandesApp] - Se aplica configuración indicada en el archivo de configuración
14:55:11,020 (main) INFO  [uniandes.isis2304.parranderos.interfazApp.InterfazAlohandesApp] - Se encontró un archivo de configuración válido: Tablas BD
14:55:25,253 (AWT-EventQueue-0) INFO  [uniandes.isis2304.parranderos.interfazApp.InterfazAlohandesApp] - Se encontró un archivo de configuración válido: Interfaz
14:55:25,253 (AWT-EventQueue-0) INFO  [uniandes.isis2304.parranderos.interfazApp.InterfazAlohandesApp] - Se aplica configuración indicada en el archivo de configuración
14:57:56,428 (main) INFO  [uniandes.isis2304.parranderos.interfazApp.InterfazAlohandesApp] - Se encontró un archivo de configuración válido: Interfaz
14:57:56,429 (main) INFO  [uniandes.isis2304.parranderos.interfazApp.InterfazAlohandesApp] - Se aplica configuración indicada en el archivo de configuración
14:57:56,449 (main) INFO  [uniandes.isis2304.parranderos.interfazApp.InterfazAlohandesApp] - Se encontró un archivo de configuración válido: Tablas BD
14:58:07,070 (main) INFO  [uniandes.isis2304.parranderos.interfazApp.InterfazAlohandesApp] - Se encontró un archivo de configuración válido: Interfaz
14:58:07,070 (main) INFO  [uniandes.isis2304.parranderos.interfazApp.InterfazAlohandesApp] - Se aplica configuración indicada en el archivo de configuración
14:58:07,089 (main) INFO  [uniandes.isis2304.parranderos.interfazApp.InterfazAlohandesApp] - Se encontró un archivo de configuración válido: Tablas BD
14:58:14,062 (AWT-EventQueue-0) INFO  [uniandes.isis2304.parranderos.interfazApp.InterfazAlohandesApp] - Se encontró un archivo de configuración válido: Interfaz
14:58:14,062 (AWT-EventQueue-0) INFO  [uniandes.isis2304.parranderos.interfazApp.InterfazAlohandesApp] - Se aplica configuración indicada en el archivo de configuración
14:59:41,054 (main) INFO  [uniandes.isis2304.parranderos.interfazApp.InterfazAlohandesApp] - Se encontró un archivo de configuración válido: Interfaz
14:59:41,054 (main) INFO  [uniandes.isis2304.parranderos.interfazApp.InterfazAlohandesApp] - Se aplica configuración indicada en el archivo de configuración
14:59:41,079 (main) INFO  [uniandes.isis2304.parranderos.interfazApp.InterfazAlohandesApp] - Se encontró un archivo de configuración válido: Tablas BD
14:59:47,500 (AWT-EventQueue-0) INFO  [uniandes.isis2304.parranderos.negocio.Alohandes] - Buscando cliente por identificador: 1
14:59:47,597 (AWT-EventQueue-0) INFO  [uniandes.isis2304.parranderos.negocio.Alohandes] - Cliente [identificacion=1, nombre=jose, tipoVinculo=profesor, correoElectronico=jd, telefono=31]
14:59:47,600 (AWT-EventQueue-0) INFO  [uniandes.isis2304.parranderos.interfazApp.InterfazAlohandesApp] - Se encontró un archivo de configuración válido: Interfaz
14:59:47,600 (AWT-EventQueue-0) INFO  [uniandes.isis2304.parranderos.interfazApp.InterfazAlohandesApp] - Se aplica configuración indicada en el archivo de configuración
15:01:08,269 (main) INFO  [uniandes.isis2304.parranderos.interfazApp.InterfazAlohandesApp] - Se encontró un archivo de configuración válido: Interfaz
15:01:08,269 (main) INFO  [uniandes.isis2304.parranderos.interfazApp.InterfazAlohandesApp] - Se aplica configuración indicada en el archivo de configuración
15:01:08,290 (main) INFO  [uniandes.isis2304.parranderos.interfazApp.InterfazAlohandesApp] - Se encontró un archivo de configuración válido: Tablas BD
15:01:16,487 (AWT-EventQueue-0) INFO  [uniandes.isis2304.parranderos.negocio.Alohandes] - Buscando cliente por identificador: 1
15:01:16,583 (AWT-EventQueue-0) INFO  [uniandes.isis2304.parranderos.negocio.Alohandes] - Cliente [identificacion=1, nombre=jose, tipoVinculo=profesor, correoElectronico=jd, telefono=31]
15:01:16,584 (AWT-EventQueue-0) INFO  [uniandes.isis2304.parranderos.interfazApp.InterfazAlohandesApp] - Se encontró un archivo de configuración válido: Interfaz
15:01:16,584 (AWT-EventQueue-0) INFO  [uniandes.isis2304.parranderos.interfazApp.InterfazAlohandesApp] - Se aplica configuración indicada en el archivo de configuración
15:02:14,704 (main) INFO  [uniandes.isis2304.parranderos.interfazApp.InterfazAlohandesApp] - Se encontró un archivo de configuración válido: Interfaz
15:02:14,704 (main) INFO  [uniandes.isis2304.parranderos.interfazApp.InterfazAlohandesApp] - Se aplica configuración indicada en el archivo de configuración
15:02:14,725 (main) INFO  [uniandes.isis2304.parranderos.interfazApp.InterfazAlohandesApp] - Se encontró un archivo de configuración válido: Tablas BD
15:02:18,571 (AWT-EventQueue-0) INFO  [uniandes.isis2304.parranderos.negocio.Alohandes] - Buscando cliente por identificador: 1
15:02:18,665 (AWT-EventQueue-0) INFO  [uniandes.isis2304.parranderos.negocio.Alohandes] - Cliente [identificacion=1, nombre=jose, tipoVinculo=profesor, correoElectronico=jd, telefono=31]
15:02:18,666 (AWT-EventQueue-0) INFO  [uniandes.isis2304.parranderos.interfazApp.InterfazAlohandesApp] - Se encontró un archivo de configuración válido: Interfaz
15:02:18,666 (AWT-EventQueue-0) INFO  [uniandes.isis2304.parranderos.interfazApp.InterfazAlohandesApp] - Se aplica configuración indicada en el archivo de configuración
15:03:11,840 (main) INFO  [uniandes.isis2304.parranderos.interfazApp.InterfazAlohandesApp] - Se encontró un archivo de configuración válido: Interfaz
15:03:11,840 (main) INFO  [uniandes.isis2304.parranderos.interfazApp.InterfazAlohandesApp] - Se aplica configuración indicada en el archivo de configuración
15:03:11,857 (main) INFO  [uniandes.isis2304.parranderos.interfazApp.InterfazAlohandesApp] - Se encontró un archivo de configuración válido: Tablas BD
15:03:15,726 (AWT-EventQueue-0) INFO  [uniandes.isis2304.parranderos.negocio.Alohandes] - Buscando cliente por identificador: 1
15:03:15,842 (AWT-EventQueue-0) INFO  [uniandes.isis2304.parranderos.negocio.Alohandes] - Cliente [identificacion=1, nombre=jose, tipoVinculo=profesor, correoElectronico=jd, telefono=31]
15:03:15,843 (AWT-EventQueue-0) INFO  [uniandes.isis2304.parranderos.interfazApp.InterfazAlohandesApp] - Se encontró un archivo de configuración válido: Interfaz
15:03:15,843 (AWT-EventQueue-0) INFO  [uniandes.isis2304.parranderos.interfazApp.InterfazAlohandesApp] - Se aplica configuración indicada en el archivo de configuración
15:04:19,456 (AWT-EventQueue-0) INFO  [uniandes.isis2304.parranderos.negocio.Alohandes] - Buscando cliente por identificador: 1
15:04:19,505 (AWT-EventQueue-0) INFO  [uniandes.isis2304.parranderos.negocio.Alohandes] - Cliente [identificacion=1, nombre=jose, tipoVinculo=profesor, correoElectronico=jd, telefono=31]
15:04:19,506 (AWT-EventQueue-0) INFO  [uniandes.isis2304.parranderos.negocio.Alohandes] - Buscando alojamiento por identificador: 283
15:04:19,548 (AWT-EventQueue-0) INFO  [uniandes.isis2304.parranderos.negocio.Alohandes] - Alojamiento [id=283, ubicacion=ads, duracionMin=1, costo=12, estatus=Y]
15:04:19,548 (AWT-EventQueue-0) INFO  [uniandes.isis2304.parranderos.negocio.Alohandes] - Dar HabitacionViviendaUniversitaria por id: 283
15:04:19,587 (AWT-EventQueue-0) INFO  [uniandes.isis2304.parranderos.negocio.Alohandes] - Dar HabitacionViviendaUniversitaria: null
15:04:25,078 (AWT-EventQueue-0) INFO  [uniandes.isis2304.parranderos.interfazApp.InterfazAlohandesApp] - Se encontró un archivo de configuración válido: Interfaz
15:04:25,078 (AWT-EventQueue-0) INFO  [uniandes.isis2304.parranderos.interfazApp.InterfazAlohandesApp] - Se aplica configuración indicada en el archivo de configuración
15:04:32,903 (AWT-EventQueue-0) INFO  [uniandes.isis2304.parranderos.negocio.Alohandes] - Adicionando Cliente: 
15:04:33,282 (AWT-EventQueue-0) ERROR [uniandes.isis2304.parranderos.persistencia.PersistenciaAlohandes] - Exception : Error executing SQL query "INSERT INTO A_CLIENTE(identificacion, nombre, tipoVinculo, correoElectronico, telefono, ultimaFechaReserva) values (?, ?, ?, ?, ?, ?)".
ORA-01400: cannot insert NULL into ("ISIS2304C11202310"."A_CLIENTE"."NOMBRE")

15:04:33,310 (AWT-EventQueue-0) INFO  [uniandes.isis2304.parranderos.negocio.Alohandes] - Adicionando Cliente: null
15:04:39,933 (AWT-EventQueue-0) INFO  [uniandes.isis2304.parranderos.negocio.Alohandes] - Adicionando Cliente: a
15:04:39,969 (AWT-EventQueue-0) ERROR [uniandes.isis2304.parranderos.persistencia.PersistenciaAlohandes] - Exception : Error executing SQL query "INSERT INTO A_CLIENTE(identificacion, nombre, tipoVinculo, correoElectronico, telefono, ultimaFechaReserva) values (?, ?, ?, ?, ?, ?)".
ORA-02290: check constraint (ISIS2304C11202310.CK_CLIENTE_TIPOVINCULO) violated

15:04:39,995 (AWT-EventQueue-0) INFO  [uniandes.isis2304.parranderos.negocio.Alohandes] - Adicionando Cliente: null
15:04:54,564 (AWT-EventQueue-0) INFO  [uniandes.isis2304.parranderos.negocio.Alohandes] - Adicionando Cliente: a
15:04:54,617 (AWT-EventQueue-0) INFO  [uniandes.isis2304.parranderos.negocio.Alohandes] - Adicionando Cliente: Cliente [identificacion=2, nombre=a, tipoVinculo=profesor, correoElectronico=jd, telefono=31]
15:04:59,093 (AWT-EventQueue-0) INFO  [uniandes.isis2304.parranderos.negocio.Alohandes] - Buscando cliente por identificador: 2
15:04:59,149 (AWT-EventQueue-0) INFO  [uniandes.isis2304.parranderos.negocio.Alohandes] - Cliente [identificacion=2, nombre=a, tipoVinculo=profesor, correoElectronico=jd, telefono=31]
15:04:59,150 (AWT-EventQueue-0) INFO  [uniandes.isis2304.parranderos.interfazApp.InterfazAlohandesApp] - Se encontró un archivo de configuración válido: Interfaz
15:04:59,150 (AWT-EventQueue-0) INFO  [uniandes.isis2304.parranderos.interfazApp.InterfazAlohandesApp] - Se aplica configuración indicada en el archivo de configuración
15:05:17,948 (AWT-EventQueue-0) INFO  [uniandes.isis2304.parranderos.negocio.Alohandes] - Buscando cliente por identificador: 2
15:05:18,003 (AWT-EventQueue-0) INFO  [uniandes.isis2304.parranderos.negocio.Alohandes] - Cliente [identificacion=2, nombre=a, tipoVinculo=profesor, correoElectronico=jd, telefono=31]
15:05:18,004 (AWT-EventQueue-0) INFO  [uniandes.isis2304.parranderos.negocio.Alohandes] - Buscando alojamiento por identificador: 283
15:05:18,043 (AWT-EventQueue-0) INFO  [uniandes.isis2304.parranderos.negocio.Alohandes] - Alojamiento [id=283, ubicacion=ads, duracionMin=1, costo=12, estatus=Y]
15:05:18,044 (AWT-EventQueue-0) INFO  [uniandes.isis2304.parranderos.negocio.Alohandes] - Dar HabitacionViviendaUniversitaria por id: 283
15:05:18,088 (AWT-EventQueue-0) INFO  [uniandes.isis2304.parranderos.negocio.Alohandes] - Dar HabitacionViviendaUniversitaria: null
15:05:18,088 (AWT-EventQueue-0) INFO  [uniandes.isis2304.parranderos.negocio.Alohandes] - Adicionando reserva del cliente 2 al alojamiento 283
15:05:18,203 (AWT-EventQueue-0) INFO  [uniandes.isis2304.parranderos.negocio.Alohandes] - Adicionando reserva del cliente 2 al alojamiento 283
15:05:18,203 (AWT-EventQueue-0) INFO  [uniandes.isis2304.parranderos.negocio.Alohandes] - Cambiando ultimaFechaReserva de cliente: 2
15:05:32,402 (AWT-EventQueue-0) INFO  [uniandes.isis2304.parranderos.negocio.Alohandes] - Buscando Reserva por id: 286
15:05:32,456 (AWT-EventQueue-0) INFO  [uniandes.isis2304.parranderos.negocio.Alohandes] - Reserva [id=286, fechaIni=2023-06-01 00:00:00.0, fechaFin=2023-06-05 00:00:00.0, identificacionCliente=2, idAlojamiento=283]
15:05:32,456 (AWT-EventQueue-0) INFO  [uniandes.isis2304.parranderos.negocio.Alohandes] - Actualizando reserva por id: 286
15:05:32,499 (AWT-EventQueue-0) INFO  [uniandes.isis2304.parranderos.negocio.Alohandes] - Actualizando reserva por id: 1 tuplas eliminadas
15:05:44,687 (main) INFO  [uniandes.isis2304.parranderos.interfazApp.InterfazAlohandesApp] - Se encontró un archivo de configuración válido: Interfaz
15:05:44,689 (main) INFO  [uniandes.isis2304.parranderos.interfazApp.InterfazAlohandesApp] - Se aplica configuración indicada en el archivo de configuración
15:05:44,706 (main) INFO  [uniandes.isis2304.parranderos.interfazApp.InterfazAlohandesApp] - Se encontró un archivo de configuración válido: Tablas BD
15:05:49,318 (AWT-EventQueue-0) INFO  [uniandes.isis2304.parranderos.negocio.Alohandes] - Buscando cliente por identificador: 2
15:05:49,419 (AWT-EventQueue-0) INFO  [uniandes.isis2304.parranderos.negocio.Alohandes] - Cliente [identificacion=2, nombre=a, tipoVinculo=profesor, correoElectronico=jd, telefono=31]
15:05:49,419 (AWT-EventQueue-0) INFO  [uniandes.isis2304.parranderos.interfazApp.InterfazAlohandesApp] - Se encontró un archivo de configuración válido: Interfaz
15:05:49,420 (AWT-EventQueue-0) INFO  [uniandes.isis2304.parranderos.interfazApp.InterfazAlohandesApp] - Se aplica configuración indicada en el archivo de configuración
