14:15:36,365 (main) DEBUG [DataNucleus.General] - Using PluginRegistry org.datanucleus.plugin.NonManagedPluginRegistry
14:15:36,396 (main) DEBUG [DataNucleus.General] - Registering bundle org.datanucleus.api.jdo version 5.1.7 at URL file:/C:/Local%20Working/Working/Git%20Repositories/C-09/Proyectos/Iteración%20%233/lib/datanucleus-api-jdo-5.1.7.jar.
14:15:36,417 (main) DEBUG [DataNucleus.General] - Loading extension points and extensions from plug-in file jar:file:/C:/Local%20Working/Working/Git%20Repositories/C-09/Proyectos/Iteraci%c3%b3n%20%233/lib/datanucleus-api-jdo-5.1.7.jar!/plugin.xml.
14:15:36,437 (main) DEBUG [DataNucleus.General] - Registering bundle org.datanucleus version 5.1.10 at URL file:/C:/Local%20Working/Working/Git%20Repositories/C-09/Proyectos/Iteración%20%233/lib/datanucleus-core-5.1.10.jar.
14:15:36,441 (main) DEBUG [DataNucleus.General] - Loading extension points and extensions from plug-in file jar:file:/C:/Local%20Working/Working/Git%20Repositories/C-09/Proyectos/Iteraci%c3%b3n%20%233/lib/datanucleus-core-5.1.10.jar!/plugin.xml.
14:15:36,456 (main) DEBUG [DataNucleus.General] - Registering bundle org.datanucleus.store.rdbms version 5.1.10 at URL file:/C:/Local%20Working/Working/Git%20Repositories/C-09/Proyectos/Iteración%20%233/lib/datanucleus-rdbms-5.1.10.jar.
14:15:36,460 (main) DEBUG [DataNucleus.General] - Loading extension points and extensions from plug-in file jar:file:/C:/Local%20Working/Working/Git%20Repositories/C-09/Proyectos/Iteraci%c3%b3n%20%233/lib/datanucleus-rdbms-5.1.10.jar!/plugin.xml.
14:15:36,484 (main) DEBUG [DataNucleus.MetaData] - Parsing MetaData file "file:/C:/Local%20Working/Working/Git%20Repositories/C-09/Proyectos/Iteraci%c3%b3n%20%233/target/classes/META-INF/persistence.xml" using handler "persistence" (validation="false")
14:15:36,503 (main) DEBUG [DataNucleus.Persistence] - Java types support initialising ...
14:15:36,559 (main) DEBUG [DataNucleus.Persistence] - Java types support loaded : supported java types=[B, [C, [D, [F, [I, [J, [Ljava.lang.Boolean;, [Ljava.lang.Byte;, [Ljava.lang.Character;, [Ljava.lang.Double;, [Ljava.lang.Enum;, [Ljava.lang.Float;, [Ljava.lang.Integer;, [Ljava.lang.Long;, [Ljava.lang.Number;, [Ljava.lang.Object;, [Ljava.lang.Short;, [Ljava.lang.String;, [Ljava.math.BigDecimal;, [Ljava.math.BigInteger;, [Ljava.util.Date;, [Ljava.util.Locale;, [S, [Z, boolean, byte, char, double, float, int, java.awt.Color, java.awt.image.BufferedImage, java.lang.Boolean, java.lang.Byte, java.lang.Character, java.lang.Class, java.lang.Double, java.lang.Enum, java.lang.Float, java.lang.Integer, java.lang.Long, java.lang.Number, java.lang.Short, java.lang.String, java.lang.StringBuffer, java.lang.StringBuilder, java.math.BigDecimal, java.math.BigInteger, java.net.URI, java.net.URL, java.sql.Date, java.sql.Time, java.sql.Timestamp, java.time.Duration, java.time.Instant, java.time.LocalDate, java.time.LocalDateTime, java.time.LocalTime, java.time.MonthDay, java.time.OffsetDateTime, java.time.OffsetTime, java.time.Period, java.time.Year, java.time.YearMonth, java.time.ZonedDateTime, java.time.ZoneId, java.time.ZoneOffset, java.util.ArrayList, java.util.Arrays$ArrayList, java.util.BitSet, java.util.Calendar, java.util.Collection, java.util.Currency, java.util.Date, java.util.GregorianCalendar, java.util.HashMap, java.util.HashSet, java.util.Hashtable, java.util.LinkedHashMap, java.util.LinkedHashSet, java.util.LinkedList, java.util.List, java.util.Locale, java.util.Map, java.util.Optional, java.util.PriorityQueue, java.util.Properties, java.util.Queue, java.util.Set, java.util.SortedMap, java.util.SortedSet, java.util.Stack, java.util.TimeZone, java.util.TreeMap, java.util.TreeSet, java.util.UUID, java.util.Vector, long, short
14:15:36,559 (main) DEBUG [DataNucleus.Persistence] - Type converter support initialising ...
14:15:36,584 (main) DEBUG [DataNucleus.Persistence] - Type converter support loaded
14:15:36,584 (main) DEBUG [DataNucleus.Persistence] - TypeConverter(s) available for byte[] to : java.nio.ByteBuffer
14:15:36,584 (main) DEBUG [DataNucleus.Persistence] - TypeConverter(s) available for char[] to : java.nio.ByteBuffer
14:15:36,584 (main) DEBUG [DataNucleus.Persistence] - TypeConverter(s) available for double[] to : java.nio.ByteBuffer
14:15:36,584 (main) DEBUG [DataNucleus.Persistence] - TypeConverter(s) available for float[] to : java.nio.ByteBuffer
14:15:36,585 (main) DEBUG [DataNucleus.Persistence] - TypeConverter(s) available for int[] to : java.nio.ByteBuffer
14:15:36,585 (main) DEBUG [DataNucleus.Persistence] - TypeConverter(s) available for long[] to : java.nio.ByteBuffer
14:15:36,585 (main) DEBUG [DataNucleus.Persistence] - TypeConverter(s) available for [Ljava.math.BigDecimal; to : java.nio.ByteBuffer
14:15:36,585 (main) DEBUG [DataNucleus.Persistence] - TypeConverter(s) available for [Ljava.math.BigInteger; to : java.nio.ByteBuffer
14:15:36,585 (main) DEBUG [DataNucleus.Persistence] - TypeConverter(s) available for short[] to : java.nio.ByteBuffer
14:15:36,585 (main) DEBUG [DataNucleus.Persistence] - TypeConverter(s) available for boolean[] to : java.nio.ByteBuffer
14:15:36,585 (main) DEBUG [DataNucleus.Persistence] - TypeConverter(s) available for java.awt.Color to : int[],java.lang.String
14:15:36,585 (main) DEBUG [DataNucleus.Persistence] - TypeConverter(s) available for java.awt.image.BufferedImage to : byte[],java.nio.ByteBuffer
14:15:36,585 (main) DEBUG [DataNucleus.Persistence] - TypeConverter(s) available for java.io.Serializable to : byte[],java.nio.ByteBuffer,java.lang.String
14:15:36,585 (main) DEBUG [DataNucleus.Persistence] - TypeConverter(s) available for java.lang.Boolean to : java.lang.Character,java.lang.Integer
14:15:36,585 (main) DEBUG [DataNucleus.Persistence] - TypeConverter(s) available for java.lang.Character to : java.lang.String
14:15:36,585 (main) DEBUG [DataNucleus.Persistence] - TypeConverter(s) available for java.lang.Class to : java.lang.String
14:15:36,585 (main) DEBUG [DataNucleus.Persistence] - TypeConverter(s) available for java.lang.Integer to : java.lang.String
14:15:36,585 (main) DEBUG [DataNucleus.Persistence] - TypeConverter(s) available for java.lang.Long to : java.lang.String
14:15:36,585 (main) DEBUG [DataNucleus.Persistence] - TypeConverter(s) available for java.lang.StringBuffer to : java.lang.String
14:15:36,585 (main) DEBUG [DataNucleus.Persistence] - TypeConverter(s) available for java.lang.StringBuilder to : java.lang.String
14:15:36,585 (main) DEBUG [DataNucleus.Persistence] - TypeConverter(s) available for java.math.BigDecimal to : java.lang.String,java.lang.Double
14:15:36,585 (main) DEBUG [DataNucleus.Persistence] - TypeConverter(s) available for java.math.BigInteger to : java.lang.Long,java.lang.String
14:15:36,585 (main) DEBUG [DataNucleus.Persistence] - TypeConverter(s) available for java.net.URI to : java.lang.String
14:15:36,586 (main) DEBUG [DataNucleus.Persistence] - TypeConverter(s) available for java.net.URL to : java.lang.String
14:15:36,586 (main) DEBUG [DataNucleus.Persistence] - TypeConverter(s) available for java.sql.Date to : java.lang.Long,java.util.Date,java.lang.String
14:15:36,586 (main) DEBUG [DataNucleus.Persistence] - TypeConverter(s) available for java.sql.Time to : java.lang.Long,java.util.Date,java.lang.String
14:15:36,586 (main) DEBUG [DataNucleus.Persistence] - TypeConverter(s) available for java.sql.Timestamp to : java.lang.Long,java.util.Date,java.lang.String
14:15:36,586 (main) DEBUG [DataNucleus.Persistence] - TypeConverter(s) available for java.time.Duration to : java.lang.Long,java.lang.String,java.lang.Double
14:15:36,586 (main) DEBUG [DataNucleus.Persistence] - TypeConverter(s) available for java.time.Instant to : java.lang.Long,java.util.Date,java.sql.Timestamp,java.lang.String
14:15:36,586 (main) DEBUG [DataNucleus.Persistence] - TypeConverter(s) available for java.time.LocalDate to : java.sql.Date,java.util.Date,java.lang.String
14:15:36,586 (main) DEBUG [DataNucleus.Persistence] - TypeConverter(s) available for java.time.LocalDateTime to : java.util.Date,java.sql.Timestamp,java.lang.String
14:15:36,586 (main) DEBUG [DataNucleus.Persistence] - TypeConverter(s) available for java.time.LocalTime to : java.lang.Long,java.util.Date,java.lang.String,java.sql.Time
14:15:36,586 (main) DEBUG [DataNucleus.Persistence] - TypeConverter(s) available for java.time.MonthDay to : int[],java.sql.Date,java.util.Date,java.lang.String
14:15:36,586 (main) DEBUG [DataNucleus.Persistence] - TypeConverter(s) available for java.time.OffsetDateTime to : java.util.Date,java.sql.Timestamp,java.lang.String
14:15:36,586 (main) DEBUG [DataNucleus.Persistence] - TypeConverter(s) available for java.time.OffsetTime to : java.lang.Long,java.lang.String,java.sql.Time
14:15:36,586 (main) DEBUG [DataNucleus.Persistence] - TypeConverter(s) available for java.time.Period to : int[],java.lang.String
14:15:36,586 (main) DEBUG [DataNucleus.Persistence] - TypeConverter(s) available for java.time.Year to : java.lang.Integer,java.lang.String
14:15:36,586 (main) DEBUG [DataNucleus.Persistence] - TypeConverter(s) available for java.time.YearMonth to : int[],java.sql.Date,java.util.Date,java.lang.String
14:15:36,586 (main) DEBUG [DataNucleus.Persistence] - TypeConverter(s) available for java.time.ZonedDateTime to : java.sql.Timestamp,java.lang.String
14:15:36,586 (main) DEBUG [DataNucleus.Persistence] - TypeConverter(s) available for java.time.ZoneId to : java.lang.String
14:15:36,586 (main) DEBUG [DataNucleus.Persistence] - TypeConverter(s) available for java.time.ZoneOffset to : java.lang.String
14:15:36,586 (main) DEBUG [DataNucleus.Persistence] - TypeConverter(s) available for java.util.BitSet to : java.lang.String
14:15:36,586 (main) DEBUG [DataNucleus.Persistence] - TypeConverter(s) available for java.util.Calendar to : [Ljava.lang.Object;,java.util.Date,java.sql.Timestamp,java.lang.String
14:15:36,586 (main) DEBUG [DataNucleus.Persistence] - TypeConverter(s) available for java.util.Currency to : java.lang.String
14:15:36,587 (main) DEBUG [DataNucleus.Persistence] - TypeConverter(s) available for java.util.Date to : java.lang.Long,java.lang.String
14:15:36,587 (main) DEBUG [DataNucleus.Persistence] - TypeConverter(s) available for java.util.Locale to : java.lang.String
14:15:36,587 (main) DEBUG [DataNucleus.Persistence] - TypeConverter(s) available for java.util.TimeZone to : java.lang.String
14:15:36,587 (main) DEBUG [DataNucleus.Persistence] - TypeConverter(s) available for java.util.UUID to : java.lang.String
14:15:36,587 (main) DEBUG [DataNucleus.MetaData] - MetaDataManager : Input=(XML,Annotations), XML-Validation=false, XML-Suffices=(persistence=*.jdo, orm=orm, query=*.jdoquery) mapping-name=oracle, JDO-listener=false
14:15:36,587 (main) DEBUG [DataNucleus.MetaData] - MetaData Management : Loading Metadata for persistence-unit "Alohandes" ...
14:15:36,587 (main) DEBUG [DataNucleus.MetaData] - MetaData Management : Load of Metadata complete
14:15:36,589 (main) DEBUG [DataNucleus.Datastore] - Creating StoreManager for datastore
14:15:36,746 (main) DEBUG [DataNucleus.Connection] - Created ConnectionPool "tx" as data source using pooling type of dbcp2-builtin
14:15:36,746 (main) DEBUG [DataNucleus.Connection] - Registered transactional connection factory under name "rdbms/tx"
14:15:36,746 (main) DEBUG [DataNucleus.Connection] - Registered nontransactional connection factory under name "rdbms/nontx"
14:15:36,754 (main) DEBUG [DataNucleus.Connection] - Created ConnectionPool "nontx" as data source using pooling type of dbcp2-builtin
14:15:37,615 (main) DEBUG [DataNucleus.Connection] - ManagedConnection OPENED : "org.datanucleus.store.rdbms.ConnectionFactoryImpl$ManagedConnectionImpl@3cc41abc [conn=null, commitOnRelease=true, closeOnRelease=true, closeOnTxnEnd=true]" on resource "nontx"
14:15:37,892 (main) DEBUG [DataNucleus.Datastore] - Removing RDBMS support for Java type java.lang.Boolean, jdbc-type=BOOLEAN
14:15:37,893 (main) DEBUG [DataNucleus.Datastore] - RDBMS support configured for "[B" using jdbc-types=[BLOB, VARBINARY, LONGVARBINARY], sql-types=[BLOB, VARBINARY, LONGVARBINARY] with default (jdbc-type=BLOB, sql-type=BLOB)
14:15:37,893 (main) DEBUG [DataNucleus.Datastore] - RDBMS support configured for "java.io.File" using jdbc-types=[LONGVARBINARY], sql-types=[LONGVARBINARY] with default (jdbc-type=LONGVARBINARY, sql-type=LONGVARBINARY)
14:15:37,893 (main) DEBUG [DataNucleus.Datastore] - RDBMS support configured for "java.io.Serializable" using jdbc-types=[BLOB, VARBINARY, LONGVARBINARY], sql-types=[BLOB, VARBINARY, LONGVARBINARY] with default (jdbc-type=BLOB, sql-type=BLOB)
14:15:37,893 (main) DEBUG [DataNucleus.Datastore] - RDBMS support configured for "java.lang.Boolean" using jdbc-types=[NUMERIC, SMALLINT, CHAR, BIT, TINYINT], sql-types=[NUMERIC, SMALLINT, CHAR, BIT, TINYINT] with default (jdbc-type=NUMERIC, sql-type=NUMERIC)
14:15:37,893 (main) DEBUG [DataNucleus.Datastore] - RDBMS support configured for "java.lang.Byte" using jdbc-types=[NUMERIC, SMALLINT, TINYINT], sql-types=[NUMERIC, SMALLINT, TINYINT] with default (jdbc-type=NUMERIC, sql-type=NUMERIC)
14:15:37,893 (main) DEBUG [DataNucleus.Datastore] - RDBMS support configured for "java.lang.Character" using jdbc-types=[NUMERIC, CHAR, INTEGER], sql-types=[NUMERIC, CHAR, INTEGER] with default (jdbc-type=CHAR, sql-type=CHAR)
14:15:37,893 (main) DEBUG [DataNucleus.Datastore] - RDBMS support configured for "java.lang.Double" using jdbc-types=[FLOAT, NUMERIC, DECIMAL, DOUBLE], sql-types=[FLOAT, NUMBER, DECIMAL, DOUBLE] with default (jdbc-type=FLOAT, sql-type=FLOAT)
14:15:37,893 (main) DEBUG [DataNucleus.Datastore] - RDBMS support configured for "java.lang.Float" using jdbc-types=[FLOAT, NUMERIC, REAL, DECIMAL, DOUBLE], sql-types=[FLOAT, NUMBER, REAL, DECIMAL, DOUBLE] with default (jdbc-type=FLOAT, sql-type=FLOAT)
14:15:37,893 (main) DEBUG [DataNucleus.Datastore] - RDBMS support configured for "java.lang.Integer" using jdbc-types=[NUMERIC, SMALLINT, BIGINT, TINYINT, INTEGER], sql-types=[NUMERIC, NUMBER, SMALLINT, BIGINT, TINYINT, INTEGER] with default (jdbc-type=NUMERIC, sql-type=NUMERIC)
14:15:37,893 (main) DEBUG [DataNucleus.Datastore] - RDBMS support configured for "java.lang.Long" using jdbc-types=[NUMERIC, SMALLINT, BIGINT, TINYINT, INTEGER], sql-types=[NUMERIC, NUMBER, SMALLINT, BIGINT, INT, TINYINT] with default (jdbc-type=NUMERIC, sql-type=NUMERIC)
14:15:37,893 (main) DEBUG [DataNucleus.Datastore] - RDBMS support configured for "java.lang.Short" using jdbc-types=[NUMERIC, SMALLINT, TINYINT, INTEGER], sql-types=[NUMERIC, NUMBER, SMALLINT, TINYINT, INTEGER] with default (jdbc-type=NUMERIC, sql-type=NUMERIC)
14:15:37,893 (main) DEBUG [DataNucleus.Datastore] - RDBMS support configured for "java.lang.String" using jdbc-types=[XMLTYPE, BLOB, LONGVARCHAR, CLOB, VARCHAR, CHAR, BIGINT, NVARCHAR, NCHAR], sql-types=[NVARCHAR2, XMLTYPE, BLOB, LONGVARCHAR, CLOB, VARCHAR, CHAR, BIGINT, NVARCHAR, NCHAR] with default (jdbc-type=VARCHAR, sql-type=VARCHAR)
14:15:37,893 (main) DEBUG [DataNucleus.Datastore] - RDBMS support configured for "java.math.BigDecimal" using jdbc-types=[NUMERIC, DECIMAL], sql-types=[NUMERIC, NUMBER, DECIMAL] with default (jdbc-type=NUMERIC, sql-type=NUMERIC)
14:15:37,893 (main) DEBUG [DataNucleus.Datastore] - RDBMS support configured for "java.math.BigInteger" using jdbc-types=[NUMERIC], sql-types=[NUMERIC, NUMBER] with default (jdbc-type=NUMERIC, sql-type=NUMERIC)
14:15:37,893 (main) DEBUG [DataNucleus.Datastore] - RDBMS support configured for "java.sql.Date" using jdbc-types=[DATE, TIMESTAMP, VARCHAR, CHAR, BIGINT], sql-types=[DATE, TIMESTAMP, VARCHAR, CHAR, BIGINT] with default (jdbc-type=DATE, sql-type=DATE)
14:15:37,893 (main) DEBUG [DataNucleus.Datastore] - RDBMS support configured for "java.sql.Time" using jdbc-types=[TIMESTAMP, VARCHAR, CHAR, TIME, BIGINT], sql-types=[TIMESTAMP, VARCHAR, CHAR, TIME, BIGINT] with default (jdbc-type=TIME, sql-type=TIME)
14:15:37,893 (main) DEBUG [DataNucleus.Datastore] - RDBMS support configured for "java.sql.Timestamp" using jdbc-types=[DATE, TIMESTAMP, VARCHAR, CHAR, TIME], sql-types=[DATE, TIMESTAMP, VARCHAR, CHAR, TIME] with default (jdbc-type=TIMESTAMP, sql-type=TIMESTAMP)
14:15:37,893 (main) DEBUG [DataNucleus.Datastore] - RDBMS support configured for "java.util.Date" using jdbc-types=[DATE, TIMESTAMP, VARCHAR, CHAR, TIME, BIGINT], sql-types=[DATE, TIMESTAMP, VARCHAR, CHAR, TIME, BIGINT] with default (jdbc-type=TIMESTAMP, sql-type=TIMESTAMP)
14:15:37,893 (main) DEBUG [DataNucleus.Datastore] - RDBMS support configured for "org.datanucleus.identity.DatastoreId" using jdbc-types=[NUMERIC, VARCHAR, CHAR, BIGINT, INTEGER], sql-types=[NUMERIC, VARCHAR, CHAR, BIGINT, INTEGER] with default (jdbc-type=NUMERIC, sql-type=NUMERIC)
14:15:37,912 (main) DEBUG [DataNucleus.Datastore] - ======================= Datastore =========================
14:15:37,912 (main) DEBUG [DataNucleus.Datastore] - StoreManager : "rdbms" (org.datanucleus.store.rdbms.RDBMSStoreManager)
14:15:37,913 (main) DEBUG [DataNucleus.Datastore] - Datastore : read-write
14:15:37,913 (main) DEBUG [DataNucleus.Datastore] - Schema Control : AutoCreate(None), Validate(None)
14:15:37,913 (main) DEBUG [DataNucleus.Datastore] - Schema : NamingFactory=datanucleus2 identifierCase=null
14:15:37,913 (main) DEBUG [DataNucleus.Datastore] - Query Languages : JDOQL, JPQL, STOREDPROC, SQL
14:15:37,913 (main) DEBUG [DataNucleus.Datastore] - Queries : Timeout=0
14:15:37,913 (main) DEBUG [DataNucleus.Datastore] - ===========================================================
14:15:37,913 (main) DEBUG [DataNucleus.Datastore] - Datastore Adapter : org.datanucleus.store.rdbms.adapter.OracleAdapter
14:15:37,913 (main) DEBUG [DataNucleus.Datastore] - Datastore : name="Oracle" version="Oracle Database 19c Enterprise Edition Release 19.0.0.0.0 - Production"
14:15:37,913 (main) DEBUG [DataNucleus.Datastore] - Datastore Driver : name="Oracle JDBC driver" version="12.2.0.1.0"
14:15:37,913 (main) DEBUG [DataNucleus.Datastore] - Primary Connection Factory : URL[jdbc:oracle:thin:@fn4.oracle.virtual.uniandes.edu.co:1521/prod]
14:15:37,913 (main) DEBUG [DataNucleus.Datastore] - Secondary Connection Factory : URL[jdbc:oracle:thin:@fn4.oracle.virtual.uniandes.edu.co:1521/prod]
14:15:37,913 (main) DEBUG [DataNucleus.Datastore] - Datastore Identifiers : factory="datanucleus2" case=UPPERCASE schema=ISIS2304C11202310
14:15:37,913 (main) DEBUG [DataNucleus.Datastore] - Supported Identifier Cases : "MixedCase" UPPERCASE "MixedCase-Sensitive" 
14:15:37,913 (main) DEBUG [DataNucleus.Datastore] - Supported Identifier Lengths (max) : Table=128 Column=128 Constraint=128 Index=128 Delimiter="
14:15:37,913 (main) DEBUG [DataNucleus.Datastore] - Support for Identifiers in DDL : catalog=false schema=true
14:15:37,913 (main) DEBUG [DataNucleus.Datastore] - Datastore : checkTableViewExistence, rdbmsConstraintCreateMode=DataNucleus, initialiseColumnInfo=ALL
14:15:37,913 (main) DEBUG [DataNucleus.Datastore] - Support Statement Batching : yes (max-batch-size=50)
14:15:37,913 (main) DEBUG [DataNucleus.Datastore] - Queries : Results direction=forward, type=forward-only, concurrency=read-only
14:15:37,913 (main) DEBUG [DataNucleus.Datastore] - Java-Types : string-default-length=255
14:15:37,914 (main) DEBUG [DataNucleus.Datastore] - JDBC-Types : NCLOB, NCHAR, [id=2007], REF, CLOB, BLOB, ARRAY, STRUCT, DATE, TIME, TIMESTAMP, VARCHAR, LONGVARCHAR, VARBINARY, LONGVARBINARY, BIGINT, TINYINT, BIT, NVARCHAR, [id=-101], CHAR, [id=-103], NUMERIC, [id=-102], DECIMAL, INTEGER, SMALLINT, FLOAT, REAL, DOUBLE, [id=-104]
14:15:37,914 (main) DEBUG [DataNucleus.Datastore] - ===========================================================
14:15:37,914 (main) DEBUG [DataNucleus.Connection] - ManagedConnection CLOSED : "org.datanucleus.store.rdbms.ConnectionFactoryImpl$ManagedConnectionImpl@3cc41abc [conn=org.datanucleus.store.rdbms.datasource.dbcp2.PoolingDataSource$PoolGuardConnectionWrapper@407cf41, commitOnRelease=true, closeOnRelease=true, closeOnTxnEnd=true]"
14:15:37,914 (main) DEBUG [DataNucleus.Datastore] - StoreManager now created
14:15:37,916 (main) DEBUG [DataNucleus.Persistence] - Started pool of ExecutionContext (maxPool=20, reaperThread=false)
14:15:37,921 (main) DEBUG [DataNucleus.Persistence] - ================= NucleusContext ===============
14:15:37,921 (main) DEBUG [DataNucleus.Persistence] - DataNucleus Context : Version "5.1.10" with JRE "17.0.5" on "Windows 11"
14:15:37,921 (main) DEBUG [DataNucleus.Persistence] - Persistence API : JDO
14:15:37,921 (main) DEBUG [DataNucleus.Persistence] - Persistence-Unit : Alohandes
14:15:37,921 (main) DEBUG [DataNucleus.Persistence] - Plugin Registry : org.datanucleus.plugin.NonManagedPluginRegistry
14:15:37,921 (main) DEBUG [DataNucleus.Persistence] - ClassLoading : default
14:15:37,921 (main) DEBUG [DataNucleus.Persistence] - Persistence : pm-singlethreaded, nontransactional-read, nontransactional-write, reachability-at-commit, copy-on-attach, managed-relations(checked), deletion-policy=JDO2, serverTimeZone=America/Bogota
14:15:37,921 (main) DEBUG [DataNucleus.Persistence] - Transactions : type=RESOURCE_LOCAL, mode=datastore, isolation=read-committed
14:15:37,921 (main) DEBUG [DataNucleus.Persistence] - ValueGeneration : txn-isolation=read-committed connection=New
14:15:37,921 (main) DEBUG [DataNucleus.Persistence] - Cache : Level1 (soft), Level2 (soft, mode=UNSPECIFIED), QueryResults (soft), Collections/Maps 
14:15:37,921 (main) DEBUG [DataNucleus.Persistence] - ================================================
14:16:38,603 (AWT-EventQueue-0) DEBUG [DataNucleus.Persistence] - ExecutionContext OPENED "org.datanucleus.ExecutionContextImpl@49335e82" for datastore "org.datanucleus.store.rdbms.RDBMSStoreManager@69eb0cc8" with txn="org.datanucleus.TransactionImpl@74347a3a"
14:16:38,609 (AWT-EventQueue-0) DEBUG [DataNucleus.Transaction] - Transaction created [DataNucleus Transaction, ID=1195997731-1, enlisted resources=[]]
14:16:38,609 (AWT-EventQueue-0) DEBUG [DataNucleus.Transaction] - Transaction begun for ExecutionContext org.datanucleus.ExecutionContextImpl@49335e82 (optimistic=false)
14:16:38,609 (AWT-EventQueue-0) DEBUG [DataNucleus.Persistence] - ExecutionContext OPENED "org.datanucleus.ExecutionContextImpl@5b78ca1a" for datastore "org.datanucleus.store.rdbms.RDBMSStoreManager@69eb0cc8" with txn="org.datanucleus.TransactionImpl@652da827"
14:16:38,615 (AWT-EventQueue-0) DEBUG [DataNucleus.Query] - SQL Query : "SELECT alohandes_sequence.nextval FROM DUAL"
14:16:38,625 (AWT-EventQueue-0) DEBUG [DataNucleus.Connection] - ManagedConnection OPENED : "org.datanucleus.store.rdbms.ConnectionFactoryImpl$ManagedConnectionImpl@70b74a2a [conn=org.datanucleus.store.rdbms.datasource.dbcp2.PoolingDataSource$PoolGuardConnectionWrapper@70c5041, commitOnRelease=true, closeOnRelease=true, closeOnTxnEnd=true]" on resource "nontx" with isolation level "read-committed" and auto-commit=false
14:16:38,626 (AWT-EventQueue-0) DEBUG [DataNucleus.Datastore] - Using PreparedStatement "oracle.jdbc.driver.OraclePreparedStatementWrapper@7a00dc49" for connection "org.datanucleus.store.rdbms.datasource.dbcp2.PoolingDataSource$PoolGuardConnectionWrapper@70c5041"
14:16:38,629 (AWT-EventQueue-0) DEBUG [DataNucleus.Datastore.Native] - SELECT alohandes_sequence.nextval FROM DUAL
14:16:38,652 (AWT-EventQueue-0) DEBUG [DataNucleus.Datastore.Retrieve] - SQL Execution Time = 24 ms
14:16:38,658 (AWT-EventQueue-0) DEBUG [DataNucleus.Connection] - ManagedConnection COMMITTING : "org.datanucleus.store.rdbms.ConnectionFactoryImpl$ManagedConnectionImpl@70b74a2a [conn=org.datanucleus.store.rdbms.datasource.dbcp2.PoolingDataSource$PoolGuardConnectionWrapper@70c5041, commitOnRelease=true, closeOnRelease=true, closeOnTxnEnd=true]"
14:16:38,678 (AWT-EventQueue-0) DEBUG [DataNucleus.Query] - Reading in results for query "org.datanucleus.store.rdbms.query.SQLQuery@eaa9a954" since the connection used is closing/committing
14:16:38,679 (AWT-EventQueue-0) DEBUG [DataNucleus.Connection] - ManagedConnection CLOSED : "org.datanucleus.store.rdbms.ConnectionFactoryImpl$ManagedConnectionImpl@70b74a2a [conn=org.datanucleus.store.rdbms.datasource.dbcp2.PoolingDataSource$PoolGuardConnectionWrapper@70c5041, commitOnRelease=true, closeOnRelease=true, closeOnTxnEnd=true]"
14:16:38,691 (AWT-EventQueue-0) DEBUG [DataNucleus.Persistence] - ExecutionContext OPENED "org.datanucleus.ExecutionContextImpl@53d2b079" for datastore "org.datanucleus.store.rdbms.RDBMSStoreManager@69eb0cc8" with txn="org.datanucleus.TransactionImpl@39cc6e0"
14:16:38,692 (AWT-EventQueue-0) DEBUG [DataNucleus.Query] - SQL Query : "SELECT alohandes_sequence.nextval FROM DUAL"
14:16:38,692 (AWT-EventQueue-0) DEBUG [DataNucleus.Connection] - ManagedConnection OPENED : "org.datanucleus.store.rdbms.ConnectionFactoryImpl$ManagedConnectionImpl@482f3990 [conn=org.datanucleus.store.rdbms.datasource.dbcp2.PoolingDataSource$PoolGuardConnectionWrapper@eb80994, commitOnRelease=true, closeOnRelease=true, closeOnTxnEnd=true]" on resource "nontx" with isolation level "read-committed" and auto-commit=false
14:16:38,692 (AWT-EventQueue-0) DEBUG [DataNucleus.Datastore] - Using PreparedStatement "oracle.jdbc.driver.OraclePreparedStatementWrapper@6bf66565" for connection "org.datanucleus.store.rdbms.datasource.dbcp2.PoolingDataSource$PoolGuardConnectionWrapper@eb80994"
14:16:38,692 (AWT-EventQueue-0) DEBUG [DataNucleus.Datastore.Native] - SELECT alohandes_sequence.nextval FROM DUAL
14:16:38,704 (AWT-EventQueue-0) DEBUG [DataNucleus.Datastore.Retrieve] - SQL Execution Time = 12 ms
14:16:38,704 (AWT-EventQueue-0) DEBUG [DataNucleus.Connection] - ManagedConnection COMMITTING : "org.datanucleus.store.rdbms.ConnectionFactoryImpl$ManagedConnectionImpl@482f3990 [conn=org.datanucleus.store.rdbms.datasource.dbcp2.PoolingDataSource$PoolGuardConnectionWrapper@eb80994, commitOnRelease=true, closeOnRelease=true, closeOnTxnEnd=true]"
14:16:38,716 (AWT-EventQueue-0) DEBUG [DataNucleus.Query] - Reading in results for query "org.datanucleus.store.rdbms.query.SQLQuery@eaa9a954" since the connection used is closing/committing
14:16:38,717 (AWT-EventQueue-0) DEBUG [DataNucleus.Connection] - ManagedConnection CLOSED : "org.datanucleus.store.rdbms.ConnectionFactoryImpl$ManagedConnectionImpl@482f3990 [conn=org.datanucleus.store.rdbms.datasource.dbcp2.PoolingDataSource$PoolGuardConnectionWrapper@eb80994, commitOnRelease=true, closeOnRelease=true, closeOnTxnEnd=true]"
14:16:38,728 (AWT-EventQueue-0) DEBUG [DataNucleus.Query] - SQL Query : "INSERT INTO A_ALOJAMIENTO(id, ubicacion, duracionMin, costo, idGrupo, estatus) values (?, ?, ?, ?, ?, ?)"
14:16:40,089 (AWT-EventQueue-0) DEBUG [DataNucleus.Connection] - ManagedConnection OPENED : "org.datanucleus.store.rdbms.ConnectionFactoryImpl$ManagedConnectionImpl@5734447d [conn=org.datanucleus.store.rdbms.datasource.dbcp2.PoolingDataSource$PoolGuardConnectionWrapper@242d081a, commitOnRelease=false, closeOnRelease=false, closeOnTxnEnd=true]" on resource "tx" with isolation level "read-committed" and auto-commit=false
14:16:40,089 (AWT-EventQueue-0) DEBUG [DataNucleus.Transaction] - Running enlist operation on resource: org.datanucleus.store.rdbms.ConnectionFactoryImpl$EmulatedXAResource@36122a61, error code TMNOFLAGS and transaction [DataNucleus Transaction, ID=1195997731-1, enlisted resources=[]]
14:16:40,090 (AWT-EventQueue-0) DEBUG [DataNucleus.Datastore] - Using PreparedStatement "org.datanucleus.store.rdbms.ParamLoggingPreparedStatement@7b56792" for connection "org.datanucleus.store.rdbms.datasource.dbcp2.PoolingDataSource$PoolGuardConnectionWrapper@242d081a"
14:16:40,090 (AWT-EventQueue-0) DEBUG [DataNucleus.Datastore.Native] - INSERT INTO A_ALOJAMIENTO(id, ubicacion, duracionMin, costo, idGrupo, estatus) values (<281>, <'asd'>, <1>, <324>, <282>, <'Y'>)
14:16:40,123 (AWT-EventQueue-0) DEBUG [DataNucleus.Datastore.Persist] - SQL Execution Time = 33 ms (number of rows = 1) on PreparedStatement "org.datanucleus.store.rdbms.ParamLoggingPreparedStatement@7b56792"
14:16:40,124 (AWT-EventQueue-0) DEBUG [DataNucleus.Datastore] - Closing PreparedStatement "org.datanucleus.store.rdbms.ParamLoggingPreparedStatement@7b56792"
14:16:40,124 (AWT-EventQueue-0) DEBUG [DataNucleus.Transaction] - Transaction committing for ExecutionContext org.datanucleus.ExecutionContextImpl@49335e82
14:16:40,124 (AWT-EventQueue-0) DEBUG [DataNucleus.Persistence] - ExecutionContext.internalFlush() START : using ordered flush - 0 enlisted objects
14:16:40,129 (AWT-EventQueue-0) DEBUG [DataNucleus.Persistence] - ExecutionContext.internalFlush() END
14:16:40,129 (AWT-EventQueue-0) DEBUG [DataNucleus.Persistence] - Persistence-By-Reachability (commit) : START
14:16:40,129 (AWT-EventQueue-0) DEBUG [DataNucleus.Persistence] - Persistence-By-Reachability (commit) : END
14:16:40,129 (AWT-EventQueue-0) DEBUG [DataNucleus.Transaction] - Committing [DataNucleus Transaction, ID=1195997731-1, enlisted resources=[org.datanucleus.store.rdbms.ConnectionFactoryImpl$EmulatedXAResource@36122a61]]
14:16:40,129 (AWT-EventQueue-0) DEBUG [DataNucleus.Connection] - ManagedConnection COMMITTING : "org.datanucleus.store.rdbms.ConnectionFactoryImpl$ManagedConnectionImpl@5734447d [conn=org.datanucleus.store.rdbms.datasource.dbcp2.PoolingDataSource$PoolGuardConnectionWrapper@242d081a, commitOnRelease=false, closeOnRelease=false, closeOnTxnEnd=true]"
14:16:40,143 (AWT-EventQueue-0) DEBUG [DataNucleus.Connection] - ManagedConnection CLOSED : "org.datanucleus.store.rdbms.ConnectionFactoryImpl$ManagedConnectionImpl@5734447d [conn=org.datanucleus.store.rdbms.datasource.dbcp2.PoolingDataSource$PoolGuardConnectionWrapper@242d081a, commitOnRelease=false, closeOnRelease=false, closeOnTxnEnd=true]"
14:16:40,157 (AWT-EventQueue-0) DEBUG [DataNucleus.Transaction] - Transaction committed in 33 ms
14:16:40,158 (AWT-EventQueue-0) DEBUG [DataNucleus.Persistence] - ExecutionContext CLOSED "org.datanucleus.ExecutionContextImpl@49335e82"
14:16:40,158 (AWT-EventQueue-0) DEBUG [DataNucleus.Persistence] - ExecutionContext OPENED "org.datanucleus.ExecutionContextImpl@49335e82" for datastore "org.datanucleus.store.rdbms.RDBMSStoreManager@69eb0cc8" with txn="org.datanucleus.TransactionImpl@3b6f3234"
14:16:40,158 (AWT-EventQueue-0) DEBUG [DataNucleus.Transaction] - Transaction created [DataNucleus Transaction, ID=1195997731-2, enlisted resources=[]]
14:16:40,158 (AWT-EventQueue-0) DEBUG [DataNucleus.Transaction] - Transaction begun for ExecutionContext org.datanucleus.ExecutionContextImpl@49335e82 (optimistic=false)
14:16:40,158 (AWT-EventQueue-0) DEBUG [DataNucleus.Query] - SQL Query : "INSERT INTO A_HABITACIONHUESPED(idAlojamiento, comidas, tipoBanio, tipoHabitacion, dtoMesExtra, identificacionOperadorUsuario) values (?, ?, ?, ?, ?, ?)"
14:16:40,159 (AWT-EventQueue-0) DEBUG [DataNucleus.Connection] - ManagedConnection OPENED : "org.datanucleus.store.rdbms.ConnectionFactoryImpl$ManagedConnectionImpl@427d1a4d [conn=org.datanucleus.store.rdbms.datasource.dbcp2.PoolingDataSource$PoolGuardConnectionWrapper@416ea4, commitOnRelease=false, closeOnRelease=false, closeOnTxnEnd=true]" on resource "tx" with isolation level "read-committed" and auto-commit=false
14:16:40,159 (AWT-EventQueue-0) DEBUG [DataNucleus.Transaction] - Running enlist operation on resource: org.datanucleus.store.rdbms.ConnectionFactoryImpl$EmulatedXAResource@6bceb898, error code TMNOFLAGS and transaction [DataNucleus Transaction, ID=1195997731-2, enlisted resources=[]]
14:16:40,159 (AWT-EventQueue-0) DEBUG [DataNucleus.Datastore] - Using PreparedStatement "org.datanucleus.store.rdbms.ParamLoggingPreparedStatement@59cf2747" for connection "org.datanucleus.store.rdbms.datasource.dbcp2.PoolingDataSource$PoolGuardConnectionWrapper@416ea4"
14:16:40,159 (AWT-EventQueue-0) DEBUG [DataNucleus.Datastore.Native] - INSERT INTO A_HABITACIONHUESPED(idAlojamiento, comidas, tipoBanio, tipoHabitacion, dtoMesExtra, identificacionOperadorUsuario) values (<281>, <2>, <'privado'>, <'individual'>, <10>, <'Admin'>)
14:16:40,191 (AWT-EventQueue-0) DEBUG [DataNucleus.Datastore] - Closing PreparedStatement "org.datanucleus.store.rdbms.ParamLoggingPreparedStatement@59cf2747"
14:16:40,195 (AWT-EventQueue-0) DEBUG [DataNucleus.Transaction] - Transaction rolling back for ExecutionContext org.datanucleus.ExecutionContextImpl@49335e82
14:16:40,195 (AWT-EventQueue-0) DEBUG [DataNucleus.Transaction] - Rolling back [DataNucleus Transaction, ID=1195997731-2, enlisted resources=[org.datanucleus.store.rdbms.ConnectionFactoryImpl$EmulatedXAResource@6bceb898]]
14:16:40,195 (AWT-EventQueue-0) DEBUG [DataNucleus.Connection] - ManagedConnection ROLLING BACK : "org.datanucleus.store.rdbms.ConnectionFactoryImpl$ManagedConnectionImpl@427d1a4d [conn=org.datanucleus.store.rdbms.datasource.dbcp2.PoolingDataSource$PoolGuardConnectionWrapper@416ea4, commitOnRelease=false, closeOnRelease=false, closeOnTxnEnd=true]"
14:16:40,206 (AWT-EventQueue-0) DEBUG [DataNucleus.Connection] - ManagedConnection CLOSED : "org.datanucleus.store.rdbms.ConnectionFactoryImpl$ManagedConnectionImpl@427d1a4d [conn=org.datanucleus.store.rdbms.datasource.dbcp2.PoolingDataSource$PoolGuardConnectionWrapper@416ea4, commitOnRelease=false, closeOnRelease=false, closeOnTxnEnd=true]"
14:16:40,218 (AWT-EventQueue-0) DEBUG [DataNucleus.Transaction] - Transaction rolled back in 23 ms
14:16:40,218 (AWT-EventQueue-0) DEBUG [DataNucleus.Persistence] - ExecutionContext CLOSED "org.datanucleus.ExecutionContextImpl@49335e82"
14:16:40,219 (AWT-EventQueue-0) DEBUG [DataNucleus.Persistence] - ExecutionContext OPENED "org.datanucleus.ExecutionContextImpl@49335e82" for datastore "org.datanucleus.store.rdbms.RDBMSStoreManager@69eb0cc8" with txn="org.datanucleus.TransactionImpl@5bd60d0f"
14:16:40,219 (AWT-EventQueue-0) DEBUG [DataNucleus.Transaction] - Transaction created [DataNucleus Transaction, ID=1195997731-3, enlisted resources=[]]
14:16:40,219 (AWT-EventQueue-0) DEBUG [DataNucleus.Transaction] - Transaction begun for ExecutionContext org.datanucleus.ExecutionContextImpl@49335e82 (optimistic=false)
14:16:40,219 (AWT-EventQueue-0) DEBUG [DataNucleus.Query] - SQL Query : "DELETE FROM A_ALOJAMIENTO WHERE id = ?"
14:16:40,219 (AWT-EventQueue-0) DEBUG [DataNucleus.Connection] - ManagedConnection OPENED : "org.datanucleus.store.rdbms.ConnectionFactoryImpl$ManagedConnectionImpl@371aa96 [conn=org.datanucleus.store.rdbms.datasource.dbcp2.PoolingDataSource$PoolGuardConnectionWrapper@68a47182, commitOnRelease=false, closeOnRelease=false, closeOnTxnEnd=true]" on resource "tx" with isolation level "read-committed" and auto-commit=false
14:16:40,219 (AWT-EventQueue-0) DEBUG [DataNucleus.Transaction] - Running enlist operation on resource: org.datanucleus.store.rdbms.ConnectionFactoryImpl$EmulatedXAResource@27f6aee6, error code TMNOFLAGS and transaction [DataNucleus Transaction, ID=1195997731-3, enlisted resources=[]]
14:16:40,219 (AWT-EventQueue-0) DEBUG [DataNucleus.Datastore] - Using PreparedStatement "org.datanucleus.store.rdbms.ParamLoggingPreparedStatement@30ff024f" for connection "org.datanucleus.store.rdbms.datasource.dbcp2.PoolingDataSource$PoolGuardConnectionWrapper@68a47182"
14:16:40,219 (AWT-EventQueue-0) DEBUG [DataNucleus.Datastore.Native] - DELETE FROM A_ALOJAMIENTO WHERE id = <281>
14:16:40,236 (AWT-EventQueue-0) DEBUG [DataNucleus.Datastore.Persist] - SQL Execution Time = 17 ms (number of rows = 1) on PreparedStatement "org.datanucleus.store.rdbms.ParamLoggingPreparedStatement@30ff024f"
14:16:40,237 (AWT-EventQueue-0) DEBUG [DataNucleus.Datastore] - Closing PreparedStatement "org.datanucleus.store.rdbms.ParamLoggingPreparedStatement@30ff024f"
14:16:40,237 (AWT-EventQueue-0) DEBUG [DataNucleus.Transaction] - Transaction committing for ExecutionContext org.datanucleus.ExecutionContextImpl@49335e82
14:16:40,237 (AWT-EventQueue-0) DEBUG [DataNucleus.Persistence] - ExecutionContext.internalFlush() START : using ordered flush - 0 enlisted objects
14:16:40,237 (AWT-EventQueue-0) DEBUG [DataNucleus.Persistence] - ExecutionContext.internalFlush() END
14:16:40,237 (AWT-EventQueue-0) DEBUG [DataNucleus.Persistence] - Persistence-By-Reachability (commit) : START
14:16:40,237 (AWT-EventQueue-0) DEBUG [DataNucleus.Persistence] - Persistence-By-Reachability (commit) : END
14:16:40,237 (AWT-EventQueue-0) DEBUG [DataNucleus.Transaction] - Committing [DataNucleus Transaction, ID=1195997731-3, enlisted resources=[org.datanucleus.store.rdbms.ConnectionFactoryImpl$EmulatedXAResource@27f6aee6]]
14:16:40,237 (AWT-EventQueue-0) DEBUG [DataNucleus.Connection] - ManagedConnection COMMITTING : "org.datanucleus.store.rdbms.ConnectionFactoryImpl$ManagedConnectionImpl@371aa96 [conn=org.datanucleus.store.rdbms.datasource.dbcp2.PoolingDataSource$PoolGuardConnectionWrapper@68a47182, commitOnRelease=false, closeOnRelease=false, closeOnTxnEnd=true]"
14:16:40,256 (AWT-EventQueue-0) DEBUG [DataNucleus.Connection] - ManagedConnection CLOSED : "org.datanucleus.store.rdbms.ConnectionFactoryImpl$ManagedConnectionImpl@371aa96 [conn=org.datanucleus.store.rdbms.datasource.dbcp2.PoolingDataSource$PoolGuardConnectionWrapper@68a47182, commitOnRelease=false, closeOnRelease=false, closeOnTxnEnd=true]"
14:16:40,268 (AWT-EventQueue-0) DEBUG [DataNucleus.Transaction] - Transaction committed in 31 ms
14:16:40,268 (AWT-EventQueue-0) DEBUG [DataNucleus.Persistence] - ExecutionContext CLOSED "org.datanucleus.ExecutionContextImpl@49335e82"
14:17:11,579 (AWT-EventQueue-0) DEBUG [DataNucleus.Persistence] - ExecutionContext OPENED "org.datanucleus.ExecutionContextImpl@6b884dc6" for datastore "org.datanucleus.store.rdbms.RDBMSStoreManager@69eb0cc8" with txn="org.datanucleus.TransactionImpl@64a37209"
14:17:11,579 (AWT-EventQueue-0) DEBUG [DataNucleus.Transaction] - Transaction created [DataNucleus Transaction, ID=1195997731-4, enlisted resources=[]]
14:17:11,579 (AWT-EventQueue-0) DEBUG [DataNucleus.Transaction] - Transaction begun for ExecutionContext org.datanucleus.ExecutionContextImpl@6b884dc6 (optimistic=false)
14:17:11,579 (AWT-EventQueue-0) DEBUG [DataNucleus.Query] - SQL Query : "INSERT INTO A_OPERADORUSUARIO(identificacion, nombre, tipoVinculo, correoElectronico, telefono) values (?, ?, ?, ?, ?)"
14:17:11,580 (AWT-EventQueue-0) DEBUG [DataNucleus.Connection] - ManagedConnection OPENED : "org.datanucleus.store.rdbms.ConnectionFactoryImpl$ManagedConnectionImpl@4ad08409 [conn=org.datanucleus.store.rdbms.datasource.dbcp2.PoolingDataSource$PoolGuardConnectionWrapper@359c9460, commitOnRelease=false, closeOnRelease=false, closeOnTxnEnd=true]" on resource "tx" with isolation level "read-committed" and auto-commit=false
14:17:11,580 (AWT-EventQueue-0) DEBUG [DataNucleus.Transaction] - Running enlist operation on resource: org.datanucleus.store.rdbms.ConnectionFactoryImpl$EmulatedXAResource@39c4e754, error code TMNOFLAGS and transaction [DataNucleus Transaction, ID=1195997731-4, enlisted resources=[]]
14:17:11,580 (AWT-EventQueue-0) DEBUG [DataNucleus.Datastore] - Using PreparedStatement "org.datanucleus.store.rdbms.ParamLoggingPreparedStatement@6c6052a8" for connection "org.datanucleus.store.rdbms.datasource.dbcp2.PoolingDataSource$PoolGuardConnectionWrapper@359c9460"
14:17:11,580 (AWT-EventQueue-0) DEBUG [DataNucleus.Datastore.Native] - INSERT INTO A_OPERADORUSUARIO(identificacion, nombre, tipoVinculo, correoElectronico, telefono) values (<'1001'>, <'a'>, <'profesor'>, <'jd'>, <'123'>)
14:17:11,606 (AWT-EventQueue-0) DEBUG [DataNucleus.Datastore.Persist] - SQL Execution Time = 26 ms (number of rows = 1) on PreparedStatement "org.datanucleus.store.rdbms.ParamLoggingPreparedStatement@6c6052a8"
14:17:11,606 (AWT-EventQueue-0) DEBUG [DataNucleus.Datastore] - Closing PreparedStatement "org.datanucleus.store.rdbms.ParamLoggingPreparedStatement@6c6052a8"
14:17:11,606 (AWT-EventQueue-0) DEBUG [DataNucleus.Transaction] - Transaction committing for ExecutionContext org.datanucleus.ExecutionContextImpl@6b884dc6
14:17:11,606 (AWT-EventQueue-0) DEBUG [DataNucleus.Persistence] - ExecutionContext.internalFlush() START : using ordered flush - 0 enlisted objects
14:17:11,606 (AWT-EventQueue-0) DEBUG [DataNucleus.Persistence] - ExecutionContext.internalFlush() END
14:17:11,606 (AWT-EventQueue-0) DEBUG [DataNucleus.Persistence] - Persistence-By-Reachability (commit) : START
14:17:11,606 (AWT-EventQueue-0) DEBUG [DataNucleus.Persistence] - Persistence-By-Reachability (commit) : END
14:17:11,607 (AWT-EventQueue-0) DEBUG [DataNucleus.Transaction] - Committing [DataNucleus Transaction, ID=1195997731-4, enlisted resources=[org.datanucleus.store.rdbms.ConnectionFactoryImpl$EmulatedXAResource@39c4e754]]
14:17:11,607 (AWT-EventQueue-0) DEBUG [DataNucleus.Connection] - ManagedConnection COMMITTING : "org.datanucleus.store.rdbms.ConnectionFactoryImpl$ManagedConnectionImpl@4ad08409 [conn=org.datanucleus.store.rdbms.datasource.dbcp2.PoolingDataSource$PoolGuardConnectionWrapper@359c9460, commitOnRelease=false, closeOnRelease=false, closeOnTxnEnd=true]"
14:17:11,626 (AWT-EventQueue-0) DEBUG [DataNucleus.Connection] - ManagedConnection CLOSED : "org.datanucleus.store.rdbms.ConnectionFactoryImpl$ManagedConnectionImpl@4ad08409 [conn=org.datanucleus.store.rdbms.datasource.dbcp2.PoolingDataSource$PoolGuardConnectionWrapper@359c9460, commitOnRelease=false, closeOnRelease=false, closeOnTxnEnd=true]"
14:17:11,645 (AWT-EventQueue-0) DEBUG [DataNucleus.Transaction] - Transaction committed in 39 ms
14:17:11,646 (AWT-EventQueue-0) DEBUG [DataNucleus.Persistence] - ExecutionContext CLOSED "org.datanucleus.ExecutionContextImpl@6b884dc6"
14:17:27,666 (AWT-EventQueue-0) DEBUG [DataNucleus.Persistence] - ExecutionContext OPENED "org.datanucleus.ExecutionContextImpl@6b884dc6" for datastore "org.datanucleus.store.rdbms.RDBMSStoreManager@69eb0cc8" with txn="org.datanucleus.TransactionImpl@360869bc"
14:17:27,666 (AWT-EventQueue-0) DEBUG [DataNucleus.Transaction] - Transaction created [DataNucleus Transaction, ID=1195997731-5, enlisted resources=[]]
14:17:27,666 (AWT-EventQueue-0) DEBUG [DataNucleus.Transaction] - Transaction begun for ExecutionContext org.datanucleus.ExecutionContextImpl@6b884dc6 (optimistic=false)
14:17:27,666 (AWT-EventQueue-0) DEBUG [DataNucleus.Persistence] - ExecutionContext OPENED "org.datanucleus.ExecutionContextImpl@6ba61fef" for datastore "org.datanucleus.store.rdbms.RDBMSStoreManager@69eb0cc8" with txn="org.datanucleus.TransactionImpl@a25b620"
14:17:27,666 (AWT-EventQueue-0) DEBUG [DataNucleus.Query] - SQL Query : "SELECT alohandes_sequence.nextval FROM DUAL"
14:17:27,667 (AWT-EventQueue-0) DEBUG [DataNucleus.Connection] - ManagedConnection OPENED : "org.datanucleus.store.rdbms.ConnectionFactoryImpl$ManagedConnectionImpl@2a052a29 [conn=org.datanucleus.store.rdbms.datasource.dbcp2.PoolingDataSource$PoolGuardConnectionWrapper@718701e1, commitOnRelease=true, closeOnRelease=true, closeOnTxnEnd=true]" on resource "nontx" with isolation level "read-committed" and auto-commit=false
14:17:27,667 (AWT-EventQueue-0) DEBUG [DataNucleus.Datastore] - Using PreparedStatement "oracle.jdbc.driver.OraclePreparedStatementWrapper@56342d47" for connection "org.datanucleus.store.rdbms.datasource.dbcp2.PoolingDataSource$PoolGuardConnectionWrapper@718701e1"
14:17:27,667 (AWT-EventQueue-0) DEBUG [DataNucleus.Datastore.Native] - SELECT alohandes_sequence.nextval FROM DUAL
14:17:27,687 (AWT-EventQueue-0) DEBUG [DataNucleus.Datastore.Retrieve] - SQL Execution Time = 20 ms
14:17:27,687 (AWT-EventQueue-0) DEBUG [DataNucleus.Connection] - ManagedConnection COMMITTING : "org.datanucleus.store.rdbms.ConnectionFactoryImpl$ManagedConnectionImpl@2a052a29 [conn=org.datanucleus.store.rdbms.datasource.dbcp2.PoolingDataSource$PoolGuardConnectionWrapper@718701e1, commitOnRelease=true, closeOnRelease=true, closeOnTxnEnd=true]"
14:17:27,720 (AWT-EventQueue-0) DEBUG [DataNucleus.Query] - Reading in results for query "org.datanucleus.store.rdbms.query.SQLQuery@eaa9a954" since the connection used is closing/committing
14:17:27,720 (AWT-EventQueue-0) DEBUG [DataNucleus.Connection] - ManagedConnection CLOSED : "org.datanucleus.store.rdbms.ConnectionFactoryImpl$ManagedConnectionImpl@2a052a29 [conn=org.datanucleus.store.rdbms.datasource.dbcp2.PoolingDataSource$PoolGuardConnectionWrapper@718701e1, commitOnRelease=true, closeOnRelease=true, closeOnTxnEnd=true]"
14:17:27,733 (AWT-EventQueue-0) DEBUG [DataNucleus.Persistence] - ExecutionContext OPENED "org.datanucleus.ExecutionContextImpl@1f83d2d" for datastore "org.datanucleus.store.rdbms.RDBMSStoreManager@69eb0cc8" with txn="org.datanucleus.TransactionImpl@4839bcfa"
14:17:27,733 (AWT-EventQueue-0) DEBUG [DataNucleus.Query] - SQL Query : "SELECT alohandes_sequence.nextval FROM DUAL"
14:17:27,733 (AWT-EventQueue-0) DEBUG [DataNucleus.Connection] - ManagedConnection OPENED : "org.datanucleus.store.rdbms.ConnectionFactoryImpl$ManagedConnectionImpl@459c1c7d [conn=org.datanucleus.store.rdbms.datasource.dbcp2.PoolingDataSource$PoolGuardConnectionWrapper@54d50b6, commitOnRelease=true, closeOnRelease=true, closeOnTxnEnd=true]" on resource "nontx" with isolation level "read-committed" and auto-commit=false
14:17:27,733 (AWT-EventQueue-0) DEBUG [DataNucleus.Datastore] - Using PreparedStatement "oracle.jdbc.driver.OraclePreparedStatementWrapper@16f289" for connection "org.datanucleus.store.rdbms.datasource.dbcp2.PoolingDataSource$PoolGuardConnectionWrapper@54d50b6"
14:17:27,733 (AWT-EventQueue-0) DEBUG [DataNucleus.Datastore.Native] - SELECT alohandes_sequence.nextval FROM DUAL
14:17:27,745 (AWT-EventQueue-0) DEBUG [DataNucleus.Datastore.Retrieve] - SQL Execution Time = 12 ms
14:17:27,745 (AWT-EventQueue-0) DEBUG [DataNucleus.Connection] - ManagedConnection COMMITTING : "org.datanucleus.store.rdbms.ConnectionFactoryImpl$ManagedConnectionImpl@459c1c7d [conn=org.datanucleus.store.rdbms.datasource.dbcp2.PoolingDataSource$PoolGuardConnectionWrapper@54d50b6, commitOnRelease=true, closeOnRelease=true, closeOnTxnEnd=true]"
14:17:27,757 (AWT-EventQueue-0) DEBUG [DataNucleus.Query] - Reading in results for query "org.datanucleus.store.rdbms.query.SQLQuery@eaa9a954" since the connection used is closing/committing
14:17:27,757 (AWT-EventQueue-0) DEBUG [DataNucleus.Connection] - ManagedConnection CLOSED : "org.datanucleus.store.rdbms.ConnectionFactoryImpl$ManagedConnectionImpl@459c1c7d [conn=org.datanucleus.store.rdbms.datasource.dbcp2.PoolingDataSource$PoolGuardConnectionWrapper@54d50b6, commitOnRelease=true, closeOnRelease=true, closeOnTxnEnd=true]"
14:17:27,772 (AWT-EventQueue-0) DEBUG [DataNucleus.Query] - SQL Query : "INSERT INTO A_ALOJAMIENTO(id, ubicacion, duracionMin, costo, idGrupo, estatus) values (?, ?, ?, ?, ?, ?)"
14:17:27,772 (AWT-EventQueue-0) DEBUG [DataNucleus.Connection] - ManagedConnection OPENED : "org.datanucleus.store.rdbms.ConnectionFactoryImpl$ManagedConnectionImpl@72b6a6c6 [conn=org.datanucleus.store.rdbms.datasource.dbcp2.PoolingDataSource$PoolGuardConnectionWrapper@458390a3, commitOnRelease=false, closeOnRelease=false, closeOnTxnEnd=true]" on resource "tx" with isolation level "read-committed" and auto-commit=false
14:17:27,772 (AWT-EventQueue-0) DEBUG [DataNucleus.Transaction] - Running enlist operation on resource: org.datanucleus.store.rdbms.ConnectionFactoryImpl$EmulatedXAResource@25254fb0, error code TMNOFLAGS and transaction [DataNucleus Transaction, ID=1195997731-5, enlisted resources=[]]
14:17:27,772 (AWT-EventQueue-0) DEBUG [DataNucleus.Datastore] - Using PreparedStatement "org.datanucleus.store.rdbms.ParamLoggingPreparedStatement@730bae62" for connection "org.datanucleus.store.rdbms.datasource.dbcp2.PoolingDataSource$PoolGuardConnectionWrapper@458390a3"
14:17:27,773 (AWT-EventQueue-0) DEBUG [DataNucleus.Datastore.Native] - INSERT INTO A_ALOJAMIENTO(id, ubicacion, duracionMin, costo, idGrupo, estatus) values (<283>, <'ads'>, <1>, <12>, <284>, <'Y'>)
14:17:27,792 (AWT-EventQueue-0) DEBUG [DataNucleus.Datastore.Persist] - SQL Execution Time = 19 ms (number of rows = 1) on PreparedStatement "org.datanucleus.store.rdbms.ParamLoggingPreparedStatement@730bae62"
14:17:27,793 (AWT-EventQueue-0) DEBUG [DataNucleus.Datastore] - Closing PreparedStatement "org.datanucleus.store.rdbms.ParamLoggingPreparedStatement@730bae62"
14:17:27,793 (AWT-EventQueue-0) DEBUG [DataNucleus.Transaction] - Transaction committing for ExecutionContext org.datanucleus.ExecutionContextImpl@6b884dc6
14:17:27,793 (AWT-EventQueue-0) DEBUG [DataNucleus.Persistence] - ExecutionContext.internalFlush() START : using ordered flush - 0 enlisted objects
14:17:27,793 (AWT-EventQueue-0) DEBUG [DataNucleus.Persistence] - ExecutionContext.internalFlush() END
14:17:27,793 (AWT-EventQueue-0) DEBUG [DataNucleus.Persistence] - Persistence-By-Reachability (commit) : START
14:17:27,793 (AWT-EventQueue-0) DEBUG [DataNucleus.Persistence] - Persistence-By-Reachability (commit) : END
14:17:27,793 (AWT-EventQueue-0) DEBUG [DataNucleus.Transaction] - Committing [DataNucleus Transaction, ID=1195997731-5, enlisted resources=[org.datanucleus.store.rdbms.ConnectionFactoryImpl$EmulatedXAResource@25254fb0]]
14:17:27,793 (AWT-EventQueue-0) DEBUG [DataNucleus.Connection] - ManagedConnection COMMITTING : "org.datanucleus.store.rdbms.ConnectionFactoryImpl$ManagedConnectionImpl@72b6a6c6 [conn=org.datanucleus.store.rdbms.datasource.dbcp2.PoolingDataSource$PoolGuardConnectionWrapper@458390a3, commitOnRelease=false, closeOnRelease=false, closeOnTxnEnd=true]"
14:17:27,809 (AWT-EventQueue-0) DEBUG [DataNucleus.Connection] - ManagedConnection CLOSED : "org.datanucleus.store.rdbms.ConnectionFactoryImpl$ManagedConnectionImpl@72b6a6c6 [conn=org.datanucleus.store.rdbms.datasource.dbcp2.PoolingDataSource$PoolGuardConnectionWrapper@458390a3, commitOnRelease=false, closeOnRelease=false, closeOnTxnEnd=true]"
14:17:27,823 (AWT-EventQueue-0) DEBUG [DataNucleus.Transaction] - Transaction committed in 30 ms
14:17:27,823 (AWT-EventQueue-0) DEBUG [DataNucleus.Persistence] - ExecutionContext CLOSED "org.datanucleus.ExecutionContextImpl@6b884dc6"
14:17:27,823 (AWT-EventQueue-0) DEBUG [DataNucleus.Persistence] - ExecutionContext OPENED "org.datanucleus.ExecutionContextImpl@6b884dc6" for datastore "org.datanucleus.store.rdbms.RDBMSStoreManager@69eb0cc8" with txn="org.datanucleus.TransactionImpl@2ad42e28"
14:17:27,823 (AWT-EventQueue-0) DEBUG [DataNucleus.Transaction] - Transaction created [DataNucleus Transaction, ID=1195997731-6, enlisted resources=[]]
14:17:27,823 (AWT-EventQueue-0) DEBUG [DataNucleus.Transaction] - Transaction begun for ExecutionContext org.datanucleus.ExecutionContextImpl@6b884dc6 (optimistic=false)
14:17:27,823 (AWT-EventQueue-0) DEBUG [DataNucleus.Query] - SQL Query : "INSERT INTO A_HABITACIONHUESPED(idAlojamiento, comidas, tipoBanio, tipoHabitacion, dtoMesExtra, identificacionOperadorUsuario) values (?, ?, ?, ?, ?, ?)"
14:17:27,824 (AWT-EventQueue-0) DEBUG [DataNucleus.Connection] - ManagedConnection OPENED : "org.datanucleus.store.rdbms.ConnectionFactoryImpl$ManagedConnectionImpl@5abd3f21 [conn=org.datanucleus.store.rdbms.datasource.dbcp2.PoolingDataSource$PoolGuardConnectionWrapper@5113ef30, commitOnRelease=false, closeOnRelease=false, closeOnTxnEnd=true]" on resource "tx" with isolation level "read-committed" and auto-commit=false
14:17:27,824 (AWT-EventQueue-0) DEBUG [DataNucleus.Transaction] - Running enlist operation on resource: org.datanucleus.store.rdbms.ConnectionFactoryImpl$EmulatedXAResource@694852db, error code TMNOFLAGS and transaction [DataNucleus Transaction, ID=1195997731-6, enlisted resources=[]]
14:17:27,824 (AWT-EventQueue-0) DEBUG [DataNucleus.Datastore] - Using PreparedStatement "org.datanucleus.store.rdbms.ParamLoggingPreparedStatement@71440325" for connection "org.datanucleus.store.rdbms.datasource.dbcp2.PoolingDataSource$PoolGuardConnectionWrapper@5113ef30"
14:17:27,824 (AWT-EventQueue-0) DEBUG [DataNucleus.Datastore.Native] - INSERT INTO A_HABITACIONHUESPED(idAlojamiento, comidas, tipoBanio, tipoHabitacion, dtoMesExtra, identificacionOperadorUsuario) values (<283>, <2>, <'privado'>, <'individual'>, <10>, <'1001'>)
14:17:27,838 (AWT-EventQueue-0) DEBUG [DataNucleus.Datastore.Persist] - SQL Execution Time = 14 ms (number of rows = 1) on PreparedStatement "org.datanucleus.store.rdbms.ParamLoggingPreparedStatement@71440325"
14:17:27,838 (AWT-EventQueue-0) DEBUG [DataNucleus.Datastore] - Closing PreparedStatement "org.datanucleus.store.rdbms.ParamLoggingPreparedStatement@71440325"
14:17:27,838 (AWT-EventQueue-0) DEBUG [DataNucleus.Transaction] - Transaction committing for ExecutionContext org.datanucleus.ExecutionContextImpl@6b884dc6
14:17:27,838 (AWT-EventQueue-0) DEBUG [DataNucleus.Persistence] - ExecutionContext.internalFlush() START : using ordered flush - 0 enlisted objects
14:17:27,838 (AWT-EventQueue-0) DEBUG [DataNucleus.Persistence] - ExecutionContext.internalFlush() END
14:17:27,838 (AWT-EventQueue-0) DEBUG [DataNucleus.Persistence] - Persistence-By-Reachability (commit) : START
14:17:27,838 (AWT-EventQueue-0) DEBUG [DataNucleus.Persistence] - Persistence-By-Reachability (commit) : END
14:17:27,839 (AWT-EventQueue-0) DEBUG [DataNucleus.Transaction] - Committing [DataNucleus Transaction, ID=1195997731-6, enlisted resources=[org.datanucleus.store.rdbms.ConnectionFactoryImpl$EmulatedXAResource@694852db]]
14:17:27,839 (AWT-EventQueue-0) DEBUG [DataNucleus.Connection] - ManagedConnection COMMITTING : "org.datanucleus.store.rdbms.ConnectionFactoryImpl$ManagedConnectionImpl@5abd3f21 [conn=org.datanucleus.store.rdbms.datasource.dbcp2.PoolingDataSource$PoolGuardConnectionWrapper@5113ef30, commitOnRelease=false, closeOnRelease=false, closeOnTxnEnd=true]"
14:17:27,851 (AWT-EventQueue-0) DEBUG [DataNucleus.Connection] - ManagedConnection CLOSED : "org.datanucleus.store.rdbms.ConnectionFactoryImpl$ManagedConnectionImpl@5abd3f21 [conn=org.datanucleus.store.rdbms.datasource.dbcp2.PoolingDataSource$PoolGuardConnectionWrapper@5113ef30, commitOnRelease=false, closeOnRelease=false, closeOnTxnEnd=true]"
14:17:27,862 (AWT-EventQueue-0) DEBUG [DataNucleus.Transaction] - Transaction committed in 24 ms
14:17:27,863 (AWT-EventQueue-0) DEBUG [DataNucleus.Persistence] - ExecutionContext CLOSED "org.datanucleus.ExecutionContextImpl@6b884dc6"
