15:15:49,283 (AWT-EventQueue-0) INFO  [uniandes.isis2304.parranderos.negocio.Parranderos] - Adicionando Tipo de bebida: club colombia
15:15:49,371 (AWT-EventQueue-0) ERROR [uniandes.isis2304.parranderos.persistencia.PersistenciaParranderos] - Exception : Error executing SQL query "SELECT Parranderos_sequence.nextval FROM DUAL".
ORA-02289: sequence does not exist

15:15:49,372 (AWT-EventQueue-0) INFO  [uniandes.isis2304.parranderos.negocio.Parranderos] - Adicionando Tipo de bebida: null
15:16:19,620 (main) INFO  [uniandes.isis2304.parranderos.interfazApp.InterfazParranderosApp] - Se encontró un archivo de configuración válido: Interfaz
15:16:19,620 (main) INFO  [uniandes.isis2304.parranderos.interfazApp.InterfazParranderosApp] - Se aplica configuración indicada en el archivo de configuración
15:16:19,634 (main) INFO  [uniandes.isis2304.parranderos.interfazApp.InterfazParranderosApp] - Se encontró un archivo de configuración válido: Tablas BD
15:16:28,456 (AWT-EventQueue-0) INFO  [uniandes.isis2304.parranderos.negocio.Parranderos] - Adicionando Tipo de bebida: club colombia
15:16:28,575 (AWT-EventQueue-0) ERROR [uniandes.isis2304.parranderos.persistencia.PersistenciaParranderos] - Exception : Error executing SQL query "SELECT Parranderos_sequence.nextval FROM DUAL".
ORA-02289: sequence does not exist

15:16:28,577 (AWT-EventQueue-0) INFO  [uniandes.isis2304.parranderos.negocio.Parranderos] - Adicionando Tipo de bebida: null
15:19:04,888 (AWT-EventQueue-0) INFO  [uniandes.isis2304.parranderos.negocio.Parranderos] - Adicionando Tipo de bebida: a
15:19:05,588 (AWT-EventQueue-0) INFO  [uniandes.isis2304.parranderos.negocio.Parranderos] - Adicionando Tipo de bebida: TipoBebida [id=1, nombre=a]
15:19:18,852 (AWT-EventQueue-0) INFO  [uniandes.isis2304.parranderos.negocio.Parranderos] - Generando los VO de Tipos de bebida
15:19:18,930 (AWT-EventQueue-0) INFO  [uniandes.isis2304.parranderos.negocio.Parranderos] - Generando los VO de Tipos de bebida: 1 existentes
15:19:26,319 (AWT-EventQueue-0) INFO  [uniandes.isis2304.parranderos.negocio.Parranderos] - Buscando Tipo de bebida por nombre: a
15:19:36,228 (AWT-EventQueue-0) INFO  [uniandes.isis2304.parranderos.negocio.Parranderos] - Generando los VO de Tipos de bebida
15:19:36,278 (AWT-EventQueue-0) INFO  [uniandes.isis2304.parranderos.negocio.Parranderos] - Generando los VO de Tipos de bebida: 1 existentes
15:24:13,934 (main) INFO  [uniandes.isis2304.parranderos.interfazApp.InterfazParranderosApp] - Se encontró un archivo de configuración válido: Interfaz
15:24:13,935 (main) INFO  [uniandes.isis2304.parranderos.interfazApp.InterfazParranderosApp] - Se aplica configuración indicada en el archivo de configuración
15:24:13,951 (main) INFO  [uniandes.isis2304.parranderos.interfazApp.InterfazParranderosApp] - Se encontró un archivo de configuración válido: Tablas BD
05:34:25,630 (main) INFO  [uniandes.isis2304.parranderos.interfazApp.InterfazAlohandesApp] - Se encontró un archivo de configuración válido: Interfaz
05:34:25,631 (main) INFO  [uniandes.isis2304.parranderos.interfazApp.InterfazAlohandesApp] - Se aplica configuración indicada en el archivo de configuración
05:34:25,649 (main) INFO  [uniandes.isis2304.parranderos.interfazApp.InterfazAlohandesApp] - Se encontró un archivo de configuración válido: Tablas BD
05:34:34,744 (AWT-EventQueue-0) INFO  [uniandes.isis2304.parranderos.negocio.Alohandes] - Adicionando Tipo de operador usuario: nuevo
05:34:35,010 (AWT-EventQueue-0) ERROR [uniandes.isis2304.parranderos.persistencia.PersistenciaAlohandes] - Exception : Error executing SQL query "INSERT INTO A_OPERADORUSUARIO(identificacionCliente, nombre, tipoVinculo, correoElectronico, telefono, ganancias) values (?, ?, ?, ?, ?, ?)".
ORA-00904: "IDENTIFICACIONCLIENTE": invalid identifier

05:34:35,046 (AWT-EventQueue-0) INFO  [uniandes.isis2304.parranderos.negocio.Alohandes] - Adicionando Tipo de operador usuario: null
05:36:49,941 (main) INFO  [uniandes.isis2304.parranderos.interfazApp.InterfazAlohandesApp] - Se encontró un archivo de configuración válido: Interfaz
05:36:49,941 (main) INFO  [uniandes.isis2304.parranderos.interfazApp.InterfazAlohandesApp] - Se aplica configuración indicada en el archivo de configuración
05:36:49,955 (main) INFO  [uniandes.isis2304.parranderos.interfazApp.InterfazAlohandesApp] - Se encontró un archivo de configuración válido: Tablas BD
05:36:56,312 (AWT-EventQueue-0) INFO  [uniandes.isis2304.parranderos.negocio.Alohandes] - Adicionando Tipo de operador usuario: n
05:36:56,589 (AWT-EventQueue-0) ERROR [uniandes.isis2304.parranderos.persistencia.PersistenciaAlohandes] - Exception : Error executing SQL query "INSERT INTO A_OPERADORUSUARIO(identificacionCliente, nombre, tipoVinculo, correoElectronico, telefono, ganancias) values (?, ?, ?, ?, ?, ?)".
ORA-00904: "IDENTIFICACIONCLIENTE": invalid identifier

05:36:56,617 (AWT-EventQueue-0) INFO  [uniandes.isis2304.parranderos.negocio.Alohandes] - Adicionando Tipo de operador usuario: null
05:38:27,541 (main) INFO  [uniandes.isis2304.parranderos.interfazApp.InterfazAlohandesApp] - Se encontró un archivo de configuración válido: Interfaz
05:38:27,541 (main) INFO  [uniandes.isis2304.parranderos.interfazApp.InterfazAlohandesApp] - Se aplica configuración indicada en el archivo de configuración
05:38:27,556 (main) INFO  [uniandes.isis2304.parranderos.interfazApp.InterfazAlohandesApp] - Se encontró un archivo de configuración válido: Tablas BD
05:39:04,795 (AWT-EventQueue-0) INFO  [uniandes.isis2304.parranderos.negocio.Alohandes] - Adicionando Tipo de operador usuario: otro
05:39:05,393 (AWT-EventQueue-0) ERROR [uniandes.isis2304.parranderos.persistencia.PersistenciaAlohandes] - Exception : Error executing SQL query "INSERT INTO A_OPERADORUSUARIO(identificacionCliente, nombre, tipoVinculo, correoElectronico, telefono, ganancias) values (?, ?, ?, ?, ?, ?)".
ORA-00904: "IDENTIFICACIONCLIENTE": invalid identifier

05:39:05,426 (AWT-EventQueue-0) INFO  [uniandes.isis2304.parranderos.negocio.Alohandes] - Adicionando Tipo de operador usuario: null
05:48:43,410 (AWT-EventQueue-0) INFO  [uniandes.isis2304.parranderos.negocio.Alohandes] - Adicionando Tipo de operador usuario: asdf
