15:39:51,926 (main) INFO  [uniandes.isis2304.parranderos.interfazApp.InterfazAlohandesApp] - Se encontró un archivo de configuración válido: Interfaz
15:39:51,927 (main) INFO  [uniandes.isis2304.parranderos.interfazApp.InterfazAlohandesApp] - Se aplica configuración indicada en el archivo de configuración
15:39:51,952 (main) INFO  [uniandes.isis2304.parranderos.interfazApp.InterfazAlohandesApp] - Se encontró un archivo de configuración válido: Tablas BD
15:41:55,325 (AWT-EventQueue-0) INFO  [uniandes.isis2304.parranderos.interfazApp.InterfazAlohandesApp] - Se encontró un archivo de configuración válido: Interfaz
15:41:55,336 (AWT-EventQueue-0) INFO  [uniandes.isis2304.parranderos.interfazApp.InterfazAlohandesApp] - Se aplica configuración indicada en el archivo de configuración
15:42:01,132 (AWT-EventQueue-0) INFO  [uniandes.isis2304.parranderos.negocio.Alohandes] - Listando alojamientos que cumplen las condiciones:
15:46:45,577 (main) INFO  [uniandes.isis2304.parranderos.interfazApp.InterfazAlohandesApp] - Se encontró un archivo de configuración válido: Interfaz
15:46:45,578 (main) INFO  [uniandes.isis2304.parranderos.interfazApp.InterfazAlohandesApp] - Se aplica configuración indicada en el archivo de configuración
15:46:45,599 (main) INFO  [uniandes.isis2304.parranderos.interfazApp.InterfazAlohandesApp] - Se encontró un archivo de configuración válido: Tablas BD
15:46:54,226 (AWT-EventQueue-0) INFO  [uniandes.isis2304.parranderos.interfazApp.InterfazAlohandesApp] - Se encontró un archivo de configuración válido: Interfaz
15:46:54,226 (AWT-EventQueue-0) INFO  [uniandes.isis2304.parranderos.interfazApp.InterfazAlohandesApp] - Se aplica configuración indicada en el archivo de configuración
15:46:57,605 (AWT-EventQueue-0) INFO  [uniandes.isis2304.parranderos.negocio.Alohandes] - Listando alojamientos que cumplen las condiciones:
15:51:41,737 (main) INFO  [uniandes.isis2304.parranderos.interfazApp.InterfazAlohandesApp] - Se encontró un archivo de configuración válido: Interfaz
15:51:41,737 (main) INFO  [uniandes.isis2304.parranderos.interfazApp.InterfazAlohandesApp] - Se aplica configuración indicada en el archivo de configuración
15:51:41,757 (main) INFO  [uniandes.isis2304.parranderos.interfazApp.InterfazAlohandesApp] - Se encontró un archivo de configuración válido: Tablas BD
15:51:48,759 (main) INFO  [uniandes.isis2304.parranderos.interfazApp.InterfazAlohandesApp] - Se encontró un archivo de configuración válido: Interfaz
15:51:48,759 (main) INFO  [uniandes.isis2304.parranderos.interfazApp.InterfazAlohandesApp] - Se aplica configuración indicada en el archivo de configuración
15:51:48,779 (main) INFO  [uniandes.isis2304.parranderos.interfazApp.InterfazAlohandesApp] - Se encontró un archivo de configuración válido: Tablas BD
15:52:12,726 (main) INFO  [uniandes.isis2304.parranderos.interfazApp.InterfazAlohandesApp] - Se encontró un archivo de configuración válido: Interfaz
15:52:12,726 (main) INFO  [uniandes.isis2304.parranderos.interfazApp.InterfazAlohandesApp] - Se aplica configuración indicada en el archivo de configuración
15:52:12,747 (main) INFO  [uniandes.isis2304.parranderos.interfazApp.InterfazAlohandesApp] - Se encontró un archivo de configuración válido: Tablas BD
15:52:21,762 (main) INFO  [uniandes.isis2304.parranderos.interfazApp.InterfazAlohandesApp] - Se encontró un archivo de configuración válido: Interfaz
15:52:21,763 (main) INFO  [uniandes.isis2304.parranderos.interfazApp.InterfazAlohandesApp] - Se aplica configuración indicada en el archivo de configuración
15:52:21,782 (main) INFO  [uniandes.isis2304.parranderos.interfazApp.InterfazAlohandesApp] - Se encontró un archivo de configuración válido: Tablas BD
15:52:29,310 (main) INFO  [uniandes.isis2304.parranderos.interfazApp.InterfazAlohandesApp] - Se encontró un archivo de configuración válido: Interfaz
15:52:29,311 (main) INFO  [uniandes.isis2304.parranderos.interfazApp.InterfazAlohandesApp] - Se aplica configuración indicada en el archivo de configuración
15:52:29,352 (main) INFO  [uniandes.isis2304.parranderos.interfazApp.InterfazAlohandesApp] - Se encontró un archivo de configuración válido: Tablas BD
15:52:36,455 (AWT-EventQueue-0) INFO  [uniandes.isis2304.parranderos.interfazApp.InterfazAlohandesApp] - Se encontró un archivo de configuración válido: Interfaz
15:52:36,455 (AWT-EventQueue-0) INFO  [uniandes.isis2304.parranderos.interfazApp.InterfazAlohandesApp] - Se aplica configuración indicada en el archivo de configuración
15:52:40,586 (AWT-EventQueue-0) INFO  [uniandes.isis2304.parranderos.negocio.Alohandes] - Listando alojamientos que cumplen las condiciones:
15:58:06,029 (main) INFO  [uniandes.isis2304.parranderos.interfazApp.InterfazAlohandesApp] - Se encontró un archivo de configuración válido: Interfaz
15:58:06,030 (main) INFO  [uniandes.isis2304.parranderos.interfazApp.InterfazAlohandesApp] - Se aplica configuración indicada en el archivo de configuración
15:58:06,059 (main) INFO  [uniandes.isis2304.parranderos.interfazApp.InterfazAlohandesApp] - Se encontró un archivo de configuración válido: Tablas BD
15:58:12,677 (AWT-EventQueue-0) INFO  [uniandes.isis2304.parranderos.interfazApp.InterfazAlohandesApp] - Se encontró un archivo de configuración válido: Interfaz
15:58:12,677 (AWT-EventQueue-0) INFO  [uniandes.isis2304.parranderos.interfazApp.InterfazAlohandesApp] - Se aplica configuración indicada en el archivo de configuración
15:58:16,212 (AWT-EventQueue-0) INFO  [uniandes.isis2304.parranderos.negocio.Alohandes] - Listando alojamientos que cumplen las condiciones:
15:58:42,734 (AWT-EventQueue-0) INFO  [uniandes.isis2304.parranderos.negocio.Alohandes] - Listando alojamientos que cumplen las condiciones:
15:59:31,894 (main) INFO  [uniandes.isis2304.parranderos.interfazApp.InterfazAlohandesApp] - Se encontró un archivo de configuración válido: Interfaz
15:59:31,895 (main) INFO  [uniandes.isis2304.parranderos.interfazApp.InterfazAlohandesApp] - Se aplica configuración indicada en el archivo de configuración
15:59:31,915 (main) INFO  [uniandes.isis2304.parranderos.interfazApp.InterfazAlohandesApp] - Se encontró un archivo de configuración válido: Tablas BD
15:59:45,290 (AWT-EventQueue-0) INFO  [uniandes.isis2304.parranderos.interfazApp.InterfazAlohandesApp] - Se encontró un archivo de configuración válido: Interfaz
15:59:45,290 (AWT-EventQueue-0) INFO  [uniandes.isis2304.parranderos.interfazApp.InterfazAlohandesApp] - Se aplica configuración indicada en el archivo de configuración
15:59:48,911 (AWT-EventQueue-0) INFO  [uniandes.isis2304.parranderos.negocio.Alohandes] - Listando alojamientos que cumplen las condiciones:
16:00:55,416 (main) INFO  [uniandes.isis2304.parranderos.interfazApp.InterfazAlohandesApp] - Se encontró un archivo de configuración válido: Interfaz
16:00:55,417 (main) INFO  [uniandes.isis2304.parranderos.interfazApp.InterfazAlohandesApp] - Se aplica configuración indicada en el archivo de configuración
16:00:55,446 (main) INFO  [uniandes.isis2304.parranderos.interfazApp.InterfazAlohandesApp] - Se encontró un archivo de configuración válido: Tablas BD
16:01:04,022 (AWT-EventQueue-0) INFO  [uniandes.isis2304.parranderos.interfazApp.InterfazAlohandesApp] - Se encontró un archivo de configuración válido: Interfaz
16:01:04,022 (AWT-EventQueue-0) INFO  [uniandes.isis2304.parranderos.interfazApp.InterfazAlohandesApp] - Se aplica configuración indicada en el archivo de configuración
16:01:06,961 (AWT-EventQueue-0) INFO  [uniandes.isis2304.parranderos.negocio.Alohandes] - Listando alojamientos que cumplen las condiciones:
16:01:40,105 (main) INFO  [uniandes.isis2304.parranderos.interfazApp.InterfazAlohandesApp] - Se encontró un archivo de configuración válido: Interfaz
16:01:40,105 (main) INFO  [uniandes.isis2304.parranderos.interfazApp.InterfazAlohandesApp] - Se aplica configuración indicada en el archivo de configuración
16:01:40,124 (main) INFO  [uniandes.isis2304.parranderos.interfazApp.InterfazAlohandesApp] - Se encontró un archivo de configuración válido: Tablas BD
16:01:48,735 (AWT-EventQueue-0) INFO  [uniandes.isis2304.parranderos.interfazApp.InterfazAlohandesApp] - Se encontró un archivo de configuración válido: Interfaz
16:01:48,735 (AWT-EventQueue-0) INFO  [uniandes.isis2304.parranderos.interfazApp.InterfazAlohandesApp] - Se aplica configuración indicada en el archivo de configuración
16:01:59,831 (AWT-EventQueue-0) INFO  [uniandes.isis2304.parranderos.negocio.Alohandes] - Listando alojamientos que cumplen las condiciones:
16:07:00,933 (AWT-EventQueue-0) INFO  [uniandes.isis2304.parranderos.negocio.Alohandes] - Listando alojamientos que cumplen las condiciones:
16:08:01,118 (main) INFO  [uniandes.isis2304.parranderos.interfazApp.InterfazAlohandesApp] - Se encontró un archivo de configuración válido: Interfaz
16:08:01,119 (main) INFO  [uniandes.isis2304.parranderos.interfazApp.InterfazAlohandesApp] - Se aplica configuración indicada en el archivo de configuración
16:08:01,143 (main) INFO  [uniandes.isis2304.parranderos.interfazApp.InterfazAlohandesApp] - Se encontró un archivo de configuración válido: Tablas BD
16:08:13,680 (AWT-EventQueue-0) INFO  [uniandes.isis2304.parranderos.interfazApp.InterfazAlohandesApp] - Se encontró un archivo de configuración válido: Interfaz
16:08:13,681 (AWT-EventQueue-0) INFO  [uniandes.isis2304.parranderos.interfazApp.InterfazAlohandesApp] - Se aplica configuración indicada en el archivo de configuración
16:08:26,310 (AWT-EventQueue-0) INFO  [uniandes.isis2304.parranderos.negocio.Alohandes] - Listando alojamientos que cumplen las condiciones:
16:09:57,333 (main) INFO  [uniandes.isis2304.parranderos.interfazApp.InterfazAlohandesApp] - Se encontró un archivo de configuración válido: Interfaz
16:09:57,334 (main) INFO  [uniandes.isis2304.parranderos.interfazApp.InterfazAlohandesApp] - Se aplica configuración indicada en el archivo de configuración
16:09:57,365 (main) INFO  [uniandes.isis2304.parranderos.interfazApp.InterfazAlohandesApp] - Se encontró un archivo de configuración válido: Tablas BD
16:10:05,852 (AWT-EventQueue-0) INFO  [uniandes.isis2304.parranderos.interfazApp.InterfazAlohandesApp] - Se encontró un archivo de configuración válido: Interfaz
16:10:05,852 (AWT-EventQueue-0) INFO  [uniandes.isis2304.parranderos.interfazApp.InterfazAlohandesApp] - Se aplica configuración indicada en el archivo de configuración
16:10:16,576 (AWT-EventQueue-0) INFO  [uniandes.isis2304.parranderos.negocio.Alohandes] - Listando alojamientos que cumplen las condiciones:
16:12:50,754 (AWT-EventQueue-0) INFO  [uniandes.isis2304.parranderos.negocio.Alohandes] - Listando alojamientos que cumplen las condiciones: Listo!
16:15:47,958 (main) INFO  [uniandes.isis2304.parranderos.interfazApp.InterfazAlohandesApp] - Se encontró un archivo de configuración válido: Interfaz
16:15:47,958 (main) INFO  [uniandes.isis2304.parranderos.interfazApp.InterfazAlohandesApp] - Se aplica configuración indicada en el archivo de configuración
16:15:47,980 (main) INFO  [uniandes.isis2304.parranderos.interfazApp.InterfazAlohandesApp] - Se encontró un archivo de configuración válido: Tablas BD
16:15:55,410 (AWT-EventQueue-0) INFO  [uniandes.isis2304.parranderos.interfazApp.InterfazAlohandesApp] - Se encontró un archivo de configuración válido: Interfaz
16:15:55,410 (AWT-EventQueue-0) INFO  [uniandes.isis2304.parranderos.interfazApp.InterfazAlohandesApp] - Se aplica configuración indicada en el archivo de configuración
16:16:01,298 (AWT-EventQueue-0) INFO  [uniandes.isis2304.parranderos.negocio.Alohandes] - Listando alojamientos que cumplen las condiciones:
16:16:41,155 (main) INFO  [uniandes.isis2304.parranderos.interfazApp.InterfazAlohandesApp] - Se encontró un archivo de configuración válido: Interfaz
16:16:41,156 (main) INFO  [uniandes.isis2304.parranderos.interfazApp.InterfazAlohandesApp] - Se aplica configuración indicada en el archivo de configuración
16:16:41,186 (main) INFO  [uniandes.isis2304.parranderos.interfazApp.InterfazAlohandesApp] - Se encontró un archivo de configuración válido: Tablas BD
16:16:48,015 (AWT-EventQueue-0) INFO  [uniandes.isis2304.parranderos.interfazApp.InterfazAlohandesApp] - Se encontró un archivo de configuración válido: Interfaz
16:16:48,015 (AWT-EventQueue-0) INFO  [uniandes.isis2304.parranderos.interfazApp.InterfazAlohandesApp] - Se aplica configuración indicada en el archivo de configuración
16:16:52,545 (AWT-EventQueue-0) INFO  [uniandes.isis2304.parranderos.negocio.Alohandes] - Listando alojamientos que cumplen las condiciones:
16:19:22,781 (main) INFO  [uniandes.isis2304.parranderos.interfazApp.InterfazAlohandesApp] - Se encontró un archivo de configuración válido: Interfaz
16:19:22,782 (main) INFO  [uniandes.isis2304.parranderos.interfazApp.InterfazAlohandesApp] - Se aplica configuración indicada en el archivo de configuración
16:19:22,800 (main) INFO  [uniandes.isis2304.parranderos.interfazApp.InterfazAlohandesApp] - Se encontró un archivo de configuración válido: Tablas BD
16:19:30,482 (AWT-EventQueue-0) INFO  [uniandes.isis2304.parranderos.interfazApp.InterfazAlohandesApp] - Se encontró un archivo de configuración válido: Interfaz
16:19:30,482 (AWT-EventQueue-0) INFO  [uniandes.isis2304.parranderos.interfazApp.InterfazAlohandesApp] - Se aplica configuración indicada en el archivo de configuración
16:19:35,369 (AWT-EventQueue-0) INFO  [uniandes.isis2304.parranderos.negocio.Alohandes] - Listando alojamientos que cumplen las condiciones:
16:26:31,078 (main) INFO  [uniandes.isis2304.parranderos.interfazApp.InterfazAlohandesApp] - Se encontró un archivo de configuración válido: Interfaz
16:26:31,079 (main) INFO  [uniandes.isis2304.parranderos.interfazApp.InterfazAlohandesApp] - Se aplica configuración indicada en el archivo de configuración
16:26:31,103 (main) INFO  [uniandes.isis2304.parranderos.interfazApp.InterfazAlohandesApp] - Se encontró un archivo de configuración válido: Tablas BD
16:26:38,409 (AWT-EventQueue-0) INFO  [uniandes.isis2304.parranderos.interfazApp.InterfazAlohandesApp] - Se encontró un archivo de configuración válido: Interfaz
16:26:38,409 (AWT-EventQueue-0) INFO  [uniandes.isis2304.parranderos.interfazApp.InterfazAlohandesApp] - Se aplica configuración indicada en el archivo de configuración
16:26:42,877 (AWT-EventQueue-0) INFO  [uniandes.isis2304.parranderos.negocio.Alohandes] - Listando alojamientos que cumplen las condiciones:
16:27:21,903 (main) INFO  [uniandes.isis2304.parranderos.interfazApp.InterfazAlohandesApp] - Se encontró un archivo de configuración válido: Interfaz
16:27:21,904 (main) INFO  [uniandes.isis2304.parranderos.interfazApp.InterfazAlohandesApp] - Se aplica configuración indicada en el archivo de configuración
16:27:21,924 (main) INFO  [uniandes.isis2304.parranderos.interfazApp.InterfazAlohandesApp] - Se encontró un archivo de configuración válido: Tablas BD
16:27:32,455 (AWT-EventQueue-0) INFO  [uniandes.isis2304.parranderos.interfazApp.InterfazAlohandesApp] - Se encontró un archivo de configuración válido: Interfaz
16:27:32,455 (AWT-EventQueue-0) INFO  [uniandes.isis2304.parranderos.interfazApp.InterfazAlohandesApp] - Se aplica configuración indicada en el archivo de configuración
16:27:36,174 (AWT-EventQueue-0) INFO  [uniandes.isis2304.parranderos.negocio.Alohandes] - Listando alojamientos que cumplen las condiciones:
16:27:36,281 (AWT-EventQueue-0) INFO  [uniandes.isis2304.parranderos.negocio.Alohandes] - Listando alojamientos que cumplen las condiciones:
16:48:26,735 (main) INFO  [uniandes.isis2304.parranderos.interfazApp.InterfazAlohandesApp] - Se encontró un archivo de configuración válido: Interfaz
16:48:26,737 (main) INFO  [uniandes.isis2304.parranderos.interfazApp.InterfazAlohandesApp] - Se aplica configuración indicada en el archivo de configuración
16:48:26,757 (main) INFO  [uniandes.isis2304.parranderos.interfazApp.InterfazAlohandesApp] - Se encontró un archivo de configuración válido: Tablas BD
16:48:35,786 (AWT-EventQueue-0) INFO  [uniandes.isis2304.parranderos.interfazApp.InterfazAlohandesApp] - Se encontró un archivo de configuración válido: Interfaz
16:48:35,786 (AWT-EventQueue-0) INFO  [uniandes.isis2304.parranderos.interfazApp.InterfazAlohandesApp] - Se aplica configuración indicada en el archivo de configuración
16:48:39,558 (AWT-EventQueue-0) INFO  [uniandes.isis2304.parranderos.negocio.Alohandes] - Listando alojamientos que cumplen las condiciones:
16:49:01,532 (AWT-EventQueue-0) INFO  [uniandes.isis2304.parranderos.negocio.Alohandes] - Listando alojamientos que cumplen las condiciones:
16:53:56,257 (main) INFO  [uniandes.isis2304.parranderos.interfazApp.InterfazAlohandesApp] - Se encontró un archivo de configuración válido: Interfaz
16:53:56,257 (main) INFO  [uniandes.isis2304.parranderos.interfazApp.InterfazAlohandesApp] - Se aplica configuración indicada en el archivo de configuración
16:53:56,281 (main) INFO  [uniandes.isis2304.parranderos.interfazApp.InterfazAlohandesApp] - Se encontró un archivo de configuración válido: Tablas BD
16:54:04,392 (AWT-EventQueue-0) INFO  [uniandes.isis2304.parranderos.interfazApp.InterfazAlohandesApp] - Se encontró un archivo de configuración válido: Interfaz
16:54:04,392 (AWT-EventQueue-0) INFO  [uniandes.isis2304.parranderos.interfazApp.InterfazAlohandesApp] - Se aplica configuración indicada en el archivo de configuración
16:54:12,871 (AWT-EventQueue-0) INFO  [uniandes.isis2304.parranderos.negocio.Alohandes] - Listando alojamientos que cumplen las condiciones:
16:54:13,292 (AWT-EventQueue-0) INFO  [uniandes.isis2304.parranderos.negocio.Alohandes] - Listando alojamientos que cumplen las condiciones:
